epoch: 96 | train loss: 0.00003, valid loss: 0.00006, best valid loss: 0.00003
epoch: 97 | train loss: 0.00003, valid loss: 0.00003, best valid loss: 0.00003
epoch: 98 | train loss: 0.00003, valid loss: 0.00003, best valid loss: 0.00003
epoch: 99 | train loss: 0.00003, valid loss: 0.00003, best valid loss: 0.00003
[loading /misc/vlgscratch4/LecunGroup/nvidia-collab//dataset_i80/models/model=fwd-cnn-vae-lp-bsize=32-ncond=10-npred=20-lrt=0.0001-nhidden=100-nfeature=96-tieact=0-nz=32-beta=0.0001-warmstart=1.model]
[loading data /misc/vlgscratch4/LecunGroup/nvidia-collab/data_i80/trajectories-0400-0415.txt//all_data.pth]
[loading data /misc/vlgscratch4/LecunGroup/nvidia-collab/data_i80/trajectories-0500-0515.txt//all_data.pth]
[loading data /misc/vlgscratch4/LecunGroup/nvidia-collab/data_i80/trajectories-0515-0530.txt//all_data.pth]
[loading data splits]
[computing action stats]
[done]
[training]
epoch: 0 | train loss: 0.40987, valid loss: 0.21872, best valid loss: 0.21872
epoch: 1 | train loss: 0.12057, valid loss: 0.05282, best valid loss: 0.05282
epoch: 2 | train loss: 0.05747, valid loss: 0.02756, best valid loss: 0.02756
epoch: 3 | train loss: 0.06943, valid loss: 0.02312, best valid loss: 0.02312
epoch: 4 | train loss: 0.01185, valid loss: 0.00780, best valid loss: 0.00780
epoch: 5 | train loss: 0.04058, valid loss: 0.02365, best valid loss: 0.00780
epoch: 6 | train loss: 0.01606, valid loss: 0.05730, best valid loss: 0.00780
epoch: 7 | train loss: 0.03257, valid loss: 0.00401, best valid loss: 0.00401
epoch: 8 | train loss: 0.00664, valid loss: 0.00394, best valid loss: 0.00394
epoch: 9 | train loss: 0.00376, valid loss: 0.00206, best valid loss: 0.00206
epoch: 10 | train loss: 0.00181, valid loss: 0.00163, best valid loss: 0.00163
epoch: 11 | train loss: 0.00149, valid loss: 0.00135, best valid loss: 0.00135
epoch: 12 | train loss: 0.00120, valid loss: 0.00117, best valid loss: 0.00117
epoch: 13 | train loss: 0.00110, valid loss: 0.00102, best valid loss: 0.00102
epoch: 14 | train loss: 0.00097, valid loss: 0.00091, best valid loss: 0.00091
epoch: 15 | train loss: 0.00089, valid loss: 0.00083, best valid loss: 0.00083
epoch: 16 | train loss: 0.00077, valid loss: 0.00075, best valid loss: 0.00075
epoch: 17 | train loss: 0.00072, valid loss: 0.00067, best valid loss: 0.00067
epoch: 18 | train loss: 0.00092, valid loss: 0.00061, best valid loss: 0.00061
epoch: 19 | train loss: 0.00063, valid loss: 0.00057, best valid loss: 0.00057
epoch: 20 | train loss: 0.00055, valid loss: 0.00052, best valid loss: 0.00052
epoch: 21 | train loss: 0.00056, valid loss: 0.00053, best valid loss: 0.00052
epoch: 22 | train loss: 0.00048, valid loss: 0.00053, best valid loss: 0.00052
epoch: 23 | train loss: 0.00045, valid loss: 0.00043, best valid loss: 0.00043
epoch: 24 | train loss: 0.00043, valid loss: 0.00041, best valid loss: 0.00041
epoch: 25 | train loss: 0.00041, valid loss: 0.00038, best valid loss: 0.00038
epoch: 26 | train loss: 0.00038, valid loss: 0.00036, best valid loss: 0.00036
epoch: 27 | train loss: 0.00034, valid loss: 0.00034, best valid loss: 0.00034
epoch: 28 | train loss: 0.00033, valid loss: 0.00032, best valid loss: 0.00032
epoch: 29 | train loss: 0.00031, valid loss: 0.00031, best valid loss: 0.00031
epoch: 30 | train loss: 0.00030, valid loss: 0.00029, best valid loss: 0.00029
epoch: 31 | train loss: 0.00028, valid loss: 0.00027, best valid loss: 0.00027
epoch: 32 | train loss: 0.00027, valid loss: 0.00028, best valid loss: 0.00027
epoch: 33 | train loss: 0.00026, valid loss: 0.00025, best valid loss: 0.00025
epoch: 34 | train loss: 0.00024, valid loss: 0.00024, best valid loss: 0.00024
epoch: 35 | train loss: 0.00024, valid loss: 0.00024, best valid loss: 0.00024
epoch: 36 | train loss: 0.00023, valid loss: 0.00022, best valid loss: 0.00022
epoch: 37 | train loss: 0.00022, valid loss: 0.00021, best valid loss: 0.00021
epoch: 38 | train loss: 0.00021, valid loss: 0.00021, best valid loss: 0.00021
epoch: 39 | train loss: 0.00020, valid loss: 0.00021, best valid loss: 0.00021
epoch: 40 | train loss: 0.00020, valid loss: 0.00019, best valid loss: 0.00019
epoch: 41 | train loss: 0.00019, valid loss: 0.00019, best valid loss: 0.00019
epoch: 42 | train loss: 0.00019, valid loss: 0.00018, best valid loss: 0.00018
epoch: 43 | train loss: 0.00018, valid loss: 0.00017, best valid loss: 0.00017
epoch: 44 | train loss: 0.00019, valid loss: 0.00017, best valid loss: 0.00017
epoch: 45 | train loss: 0.00016, valid loss: 0.00016, best valid loss: 0.00016
epoch: 46 | train loss: 0.00016, valid loss: 0.00016, best valid loss: 0.00016
epoch: 47 | train loss: 0.00016, valid loss: 0.00015, best valid loss: 0.00015
epoch: 48 | train loss: 0.00015, valid loss: 0.00015, best valid loss: 0.00015
epoch: 49 | train loss: 0.00014, valid loss: 0.00022, best valid loss: 0.00015
epoch: 50 | train loss: 0.00014, valid loss: 0.00014, best valid loss: 0.00014
epoch: 51 | train loss: 0.00014, valid loss: 0.00013, best valid loss: 0.00013
epoch: 52 | train loss: 0.00013, valid loss: 0.00013, best valid loss: 0.00013
epoch: 53 | train loss: 0.00013, valid loss: 0.00013, best valid loss: 0.00013
epoch: 54 | train loss: 0.00012, valid loss: 0.00012, best valid loss: 0.00012
epoch: 55 | train loss: 0.00012, valid loss: 0.00012, best valid loss: 0.00012
epoch: 56 | train loss: 0.00012, valid loss: 0.00012, best valid loss: 0.00012
epoch: 57 | train loss: 0.00011, valid loss: 0.00011, best valid loss: 0.00011
epoch: 58 | train loss: 0.00011, valid loss: 0.00011, best valid loss: 0.00011
epoch: 59 | train loss: 0.00011, valid loss: 0.00011, best valid loss: 0.00011
epoch: 60 | train loss: 0.00011, valid loss: 0.00010, best valid loss: 0.00010
epoch: 61 | train loss: 0.00011, valid loss: 0.00010, best valid loss: 0.00010
epoch: 62 | train loss: 0.00010, valid loss: 0.00010, best valid loss: 0.00010
epoch: 63 | train loss: 0.00010, valid loss: 0.00010, best valid loss: 0.00010
epoch: 64 | train loss: 0.00011, valid loss: 0.00009, best valid loss: 0.00009
epoch: 65 | train loss: 0.00009, valid loss: 0.00009, best valid loss: 0.00009
epoch: 66 | train loss: 0.00009, valid loss: 0.00009, best valid loss: 0.00009
epoch: 67 | train loss: 0.00009, valid loss: 0.00009, best valid loss: 0.00009
epoch: 68 | train loss: 0.00010, valid loss: 0.00009, best valid loss: 0.00009
epoch: 69 | train loss: 0.00008, valid loss: 0.00008, best valid loss: 0.00008
epoch: 70 | train loss: 0.00008, valid loss: 0.00008, best valid loss: 0.00008
epoch: 71 | train loss: 0.00008, valid loss: 0.00008, best valid loss: 0.00008
epoch: 72 | train loss: 0.00008, valid loss: 0.00008, best valid loss: 0.00008
epoch: 73 | train loss: 0.00008, valid loss: 0.00008, best valid loss: 0.00008
epoch: 74 | train loss: 0.00008, valid loss: 0.00007, best valid loss: 0.00007
epoch: 75 | train loss: 0.00007, valid loss: 0.00007, best valid loss: 0.00007
epoch: 76 | train loss: 0.00007, valid loss: 0.00007, best valid loss: 0.00007
epoch: 77 | train loss: 0.00007, valid loss: 0.00007, best valid loss: 0.00007
epoch: 78 | train loss: 0.00008, valid loss: 0.00007, best valid loss: 0.00007
epoch: 79 | train loss: 0.00007, valid loss: 0.00007, best valid loss: 0.00007
epoch: 80 | train loss: 0.00007, valid loss: 0.00007, best valid loss: 0.00007
epoch: 81 | train loss: 0.00006, valid loss: 0.00006, best valid loss: 0.00006
epoch: 82 | train loss: 0.00007, valid loss: 0.00006, best valid loss: 0.00006
epoch: 83 | train loss: 0.00006, valid loss: 0.00007, best valid loss: 0.00006
epoch: 84 | train loss: 0.00006, valid loss: 0.00006, best valid loss: 0.00006
epoch: 85 | train loss: 0.00006, valid loss: 0.00006, best valid loss: 0.00006
epoch: 86 | train loss: 0.00006, valid loss: 0.00006, best valid loss: 0.00006
epoch: 87 | train loss: 0.00006, valid loss: 0.00006, best valid loss: 0.00006
epoch: 88 | train loss: 0.00007, valid loss: 0.00006, best valid loss: 0.00006
epoch: 89 | train loss: 0.00006, valid loss: 0.00006, best valid loss: 0.00006
epoch: 90 | train loss: 0.00006, valid loss: 0.00005, best valid loss: 0.00005
epoch: 91 | train loss: 0.00005, valid loss: 0.00005, best valid loss: 0.00005
epoch: 92 | train loss: 0.00006, valid loss: 0.00005, best valid loss: 0.00005
epoch: 93 | train loss: 0.00005, valid loss: 0.00005, best valid loss: 0.00005
epoch: 94 | train loss: 0.00005, valid loss: 0.00005, best valid loss: 0.00005
epoch: 95 | train loss: 0.00005, valid loss: 0.00005, best valid loss: 0.00005
epoch: 96 | train loss: 0.00005, valid loss: 0.00005, best valid loss: 0.00005
epoch: 97 | train loss: 0.00005, valid loss: 0.00005, best valid loss: 0.00005
epoch: 98 | train loss: 0.00005, valid loss: 0.00005, best valid loss: 0.00005
epoch: 99 | train loss: 0.00005, valid loss: 0.00005, best valid loss: 0.00005
[loading /misc/vlgscratch4/LecunGroup/nvidia-collab//dataset_i80/models/model=fwd-cnn-vae-fp-bsize=16-ncond=10-npred=20-lrt=0.0001-nhidden=100-nfeature=96-tieact=0-nz=32-beta=0.0001-zsphere=1-zmult=1-gclip=-1-warmstart=1.model]
[loading data /misc/vlgscratch4/LecunGroup/nvidia-collab/data_i80/trajectories-0400-0415.txt//all_data.pth]
[loading data /misc/vlgscratch4/LecunGroup/nvidia-collab/data_i80/trajectories-0500-0515.txt//all_data.pth]
[loading data /misc/vlgscratch4/LecunGroup/nvidia-collab/data_i80/trajectories-0515-0530.txt//all_data.pth]
[loading data splits]
[computing action stats]
[done]
[training]
epoch: 0 | train loss: 0.48301, valid loss: 0.29616, best valid loss: 0.29616
epoch: 1 | train loss: 0.14741, valid loss: 0.13184, best valid loss: 0.13184
epoch: 2 | train loss: 0.12144, valid loss: 0.03415, best valid loss: 0.03415
epoch: 3 | train loss: 0.09733, valid loss: 0.04030, best valid loss: 0.03415
epoch: 4 | train loss: 0.05935, valid loss: 0.01871, best valid loss: 0.01871
epoch: 5 | train loss: 0.01110, valid loss: 0.00959, best valid loss: 0.00959
epoch: 6 | train loss: 0.01194, valid loss: 0.00493, best valid loss: 0.00493
epoch: 7 | train loss: 0.00893, valid loss: 0.00472, best valid loss: 0.00472
epoch: 8 | train loss: 0.00354, valid loss: 0.00253, best valid loss: 0.00253
epoch: 9 | train loss: 0.00227, valid loss: 0.00205, best valid loss: 0.00205
epoch: 10 | train loss: 0.00196, valid loss: 0.00150, best valid loss: 0.00150
epoch: 11 | train loss: 0.00133, valid loss: 0.00126, best valid loss: 0.00126
epoch: 12 | train loss: 0.00124, valid loss: 0.00106, best valid loss: 0.00106
epoch: 13 | train loss: 0.00129, valid loss: 0.00093, best valid loss: 0.00093
epoch: 14 | train loss: 0.00088, valid loss: 0.00083, best valid loss: 0.00083
epoch: 15 | train loss: 0.00079, valid loss: 0.00073, best valid loss: 0.00073
epoch: 16 | train loss: 0.00073, valid loss: 0.00069, best valid loss: 0.00069
epoch: 17 | train loss: 0.00071, valid loss: 0.00061, best valid loss: 0.00061
epoch: 18 | train loss: 0.00059, valid loss: 0.00056, best valid loss: 0.00056
epoch: 19 | train loss: 0.00057, valid loss: 0.00050, best valid loss: 0.00050
epoch: 20 | train loss: 0.00049, valid loss: 0.00046, best valid loss: 0.00046
epoch: 21 | train loss: 0.00045, valid loss: 0.00043, best valid loss: 0.00043
epoch: 22 | train loss: 0.00050, valid loss: 0.00040, best valid loss: 0.00040
epoch: 23 | train loss: 0.00041, valid loss: 0.00037, best valid loss: 0.00037
epoch: 24 | train loss: 0.00036, valid loss: 0.00036, best valid loss: 0.00036
epoch: 25 | train loss: 0.00033, valid loss: 0.00033, best valid loss: 0.00033
epoch: 26 | train loss: 0.00032, valid loss: 0.00031, best valid loss: 0.00031
epoch: 27 | train loss: 0.00031, valid loss: 0.00030, best valid loss: 0.00030
epoch: 28 | train loss: 0.00029, valid loss: 0.00029, best valid loss: 0.00029
epoch: 29 | train loss: 0.00028, valid loss: 0.00027, best valid loss: 0.00027
epoch: 30 | train loss: 0.00026, valid loss: 0.00025, best valid loss: 0.00025
epoch: 31 | train loss: 0.00024, valid loss: 0.00024, best valid loss: 0.00024
epoch: 32 | train loss: 0.00024, valid loss: 0.00023, best valid loss: 0.00023
epoch: 33 | train loss: 0.00023, valid loss: 0.00026, best valid loss: 0.00023
epoch: 34 | train loss: 0.00024, valid loss: 0.00025, best valid loss: 0.00023
epoch: 35 | train loss: 0.00020, valid loss: 0.00020, best valid loss: 0.00020
epoch: 36 | train loss: 0.00021, valid loss: 0.00019, best valid loss: 0.00019
epoch: 37 | train loss: 0.00018, valid loss: 0.00018, best valid loss: 0.00018
epoch: 38 | train loss: 0.00018, valid loss: 0.00018, best valid loss: 0.00018
epoch: 39 | train loss: 0.00017, valid loss: 0.00017, best valid loss: 0.00017
epoch: 40 | train loss: 0.00016, valid loss: 0.00017, best valid loss: 0.00017
epoch: 41 | train loss: 0.00017, valid loss: 0.00016, best valid loss: 0.00016
epoch: 42 | train loss: 0.00016, valid loss: 0.00015, best valid loss: 0.00015
epoch: 43 | train loss: 0.00015, valid loss: 0.00015, best valid loss: 0.00015
epoch: 44 | train loss: 0.00014, valid loss: 0.00014, best valid loss: 0.00014
epoch: 45 | train loss: 0.00014, valid loss: 0.00014, best valid loss: 0.00014
epoch: 46 | train loss: 0.00013, valid loss: 0.00014, best valid loss: 0.00014
epoch: 47 | train loss: 0.00013, valid loss: 0.00013, best valid loss: 0.00013
epoch: 48 | train loss: 0.00013, valid loss: 0.00013, best valid loss: 0.00013
epoch: 49 | train loss: 0.00012, valid loss: 0.00019, best valid loss: 0.00013
epoch: 50 | train loss: 0.00012, valid loss: 0.00012, best valid loss: 0.00012
epoch: 51 | train loss: 0.00012, valid loss: 0.00011, best valid loss: 0.00011
epoch: 52 | train loss: 0.00012, valid loss: 0.00011, best valid loss: 0.00011
epoch: 53 | train loss: 0.00011, valid loss: 0.00011, best valid loss: 0.00011
epoch: 54 | train loss: 0.00010, valid loss: 0.00011, best valid loss: 0.00011
epoch: 55 | train loss: 0.00010, valid loss: 0.00010, best valid loss: 0.00010
epoch: 56 | train loss: 0.00014, valid loss: 0.00010, best valid loss: 0.00010
epoch: 57 | train loss: 0.00010, valid loss: 0.00010, best valid loss: 0.00010
epoch: 58 | train loss: 0.00010, valid loss: 0.00010, best valid loss: 0.00010
epoch: 59 | train loss: 0.00009, valid loss: 0.00009, best valid loss: 0.00009
epoch: 60 | train loss: 0.00009, valid loss: 0.00009, best valid loss: 0.00009
epoch: 61 | train loss: 0.00009, valid loss: 0.00009, best valid loss: 0.00009
epoch: 62 | train loss: 0.00009, valid loss: 0.00009, best valid loss: 0.00009
epoch: 63 | train loss: 0.00008, valid loss: 0.00009, best valid loss: 0.00009
epoch: 64 | train loss: 0.00008, valid loss: 0.00008, best valid loss: 0.00008
epoch: 65 | train loss: 0.00008, valid loss: 0.00008, best valid loss: 0.00008
epoch: 66 | train loss: 0.00008, valid loss: 0.00008, best valid loss: 0.00008
epoch: 67 | train loss: 0.00008, valid loss: 0.00008, best valid loss: 0.00008
epoch: 68 | train loss: 0.00007, valid loss: 0.00008, best valid loss: 0.00008
epoch: 69 | train loss: 0.00008, valid loss: 0.00007, best valid loss: 0.00007
epoch: 70 | train loss: 0.00007, valid loss: 0.00007, best valid loss: 0.00007
epoch: 71 | train loss: 0.00007, valid loss: 0.00007, best valid loss: 0.00007
epoch: 72 | train loss: 0.00007, valid loss: 0.00007, best valid loss: 0.00007
epoch: 73 | train loss: 0.00007, valid loss: 0.00007, best valid loss: 0.00007
epoch: 74 | train loss: 0.00007, valid loss: 0.00007, best valid loss: 0.00007
epoch: 75 | train loss: 0.00006, valid loss: 0.00006, best valid loss: 0.00006
epoch: 76 | train loss: 0.00006, valid loss: 0.00006, best valid loss: 0.00006
epoch: 77 | train loss: 0.00006, valid loss: 0.00006, best valid loss: 0.00006
epoch: 78 | train loss: 0.00006, valid loss: 0.00006, best valid loss: 0.00006
epoch: 79 | train loss: 0.00006, valid loss: 0.00006, best valid loss: 0.00006
epoch: 80 | train loss: 0.00006, valid loss: 0.00006, best valid loss: 0.00006
epoch: 81 | train loss: 0.00006, valid loss: 0.00006, best valid loss: 0.00006
epoch: 82 | train loss: 0.00006, valid loss: 0.00005, best valid loss: 0.00005
epoch: 83 | train loss: 0.00005, valid loss: 0.00006, best valid loss: 0.00005
epoch: 84 | train loss: 0.00005, valid loss: 0.00005, best valid loss: 0.00005
epoch: 85 | train loss: 0.00005, valid loss: 0.00006, best valid loss: 0.00005
epoch: 86 | train loss: 0.00005, valid loss: 0.00005, best valid loss: 0.00005
epoch: 87 | train loss: 0.00005, valid loss: 0.00005, best valid loss: 0.00005
epoch: 88 | train loss: 0.00005, valid loss: 0.00005, best valid loss: 0.00005
epoch: 89 | train loss: 0.00005, valid loss: 0.00005, best valid loss: 0.00005
epoch: 90 | train loss: 0.00005, valid loss: 0.00005, best valid loss: 0.00005
epoch: 91 | train loss: 0.00005, valid loss: 0.00005, best valid loss: 0.00005
epoch: 92 | train loss: 0.00005, valid loss: 0.00005, best valid loss: 0.00005
epoch: 93 | train loss: 0.00005, valid loss: 0.00004, best valid loss: 0.00004
epoch: 94 | train loss: 0.00005, valid loss: 0.00004, best valid loss: 0.00004
epoch: 95 | train loss: 0.00004, valid loss: 0.00004, best valid loss: 0.00004
epoch: 96 | train loss: 0.00004, valid loss: 0.00004, best valid loss: 0.00004
epoch: 97 | train loss: 0.00004, valid loss: 0.00004, best valid loss: 0.00004
epoch: 98 | train loss: 0.00004, valid loss: 0.00004, best valid loss: 0.00004
epoch: 99 | train loss: 0.00004, valid loss: 0.00004, best valid loss: 0.00004
[loading /misc/vlgscratch4/LecunGroup/nvidia-collab//dataset_i80/models/model=fwd-cnn-vae-lp-bsize=32-ncond=10-npred=20-lrt=0.0001-nhidden=100-nfeature=96-tieact=0-nz=32-beta=0.001-warmstart=1.model]
[loading data /misc/vlgscratch4/LecunGroup/nvidia-collab/data_i80/trajectories-0400-0415.txt//all_data.pth]
[loading data /misc/vlgscratch4/LecunGroup/nvidia-collab/data_i80/trajectories-0500-0515.txt//all_data.pth]
[loading data /misc/vlgscratch4/LecunGroup/nvidia-collab/data_i80/trajectories-0515-0530.txt//all_data.pth]
[loading data splits]
[computing action stats]
[done]
[training]
epoch: 0 | train loss: 0.17937, valid loss: 0.03206, best valid loss: 0.03206
epoch: 1 | train loss: 0.01368, valid loss: 0.01966, best valid loss: 0.01966
epoch: 2 | train loss: 0.00434, valid loss: 0.00300, best valid loss: 0.00300
epoch: 3 | train loss: 0.00232, valid loss: 0.00387, best valid loss: 0.00300
epoch: 4 | train loss: 0.00255, valid loss: 0.01444, best valid loss: 0.00300
epoch: 5 | train loss: 0.01567, valid loss: 0.00626, best valid loss: 0.00300
epoch: 6 | train loss: 0.02984, valid loss: 0.00614, best valid loss: 0.00300
epoch: 7 | train loss: 0.00547, valid loss: 0.00474, best valid loss: 0.00300
epoch: 8 | train loss: 0.00440, valid loss: 0.00183, best valid loss: 0.00183
epoch: 9 | train loss: 0.00137, valid loss: 0.00115, best valid loss: 0.00115
epoch: 10 | train loss: 0.00090, valid loss: 0.00128, best valid loss: 0.00115
epoch: 11 | train loss: 0.00084, valid loss: 0.00081, best valid loss: 0.00081
epoch: 12 | train loss: 0.00114, valid loss: 0.00068, best valid loss: 0.00068
epoch: 13 | train loss: 0.00072, valid loss: 0.00062, best valid loss: 0.00062
epoch: 14 | train loss: 0.00052, valid loss: 0.00056, best valid loss: 0.00056
epoch: 15 | train loss: 0.00053, valid loss: 0.00048, best valid loss: 0.00048
epoch: 16 | train loss: 0.00048, valid loss: 0.00054, best valid loss: 0.00048
epoch: 17 | train loss: 0.00399, valid loss: 0.00054, best valid loss: 0.00048
epoch: 18 | train loss: 0.00256, valid loss: 0.00110, best valid loss: 0.00048
epoch: 19 | train loss: 0.00049, valid loss: 0.00042, best valid loss: 0.00042
epoch: 20 | train loss: 0.00032, valid loss: 0.00035, best valid loss: 0.00035
epoch: 21 | train loss: 0.02658, valid loss: 0.00435, best valid loss: 0.00035
epoch: 22 | train loss: 0.00268, valid loss: 0.00194, best valid loss: 0.00035
epoch: 23 | train loss: 0.00090, valid loss: 0.00074, best valid loss: 0.00035
epoch: 24 | train loss: 0.00066, valid loss: 0.00060, best valid loss: 0.00035
epoch: 25 | train loss: 0.00049, valid loss: 0.00046, best valid loss: 0.00035
epoch: 26 | train loss: 0.00042, valid loss: 0.00041, best valid loss: 0.00035
epoch: 27 | train loss: 0.00036, valid loss: 0.00034, best valid loss: 0.00034
epoch: 28 | train loss: 0.00031, valid loss: 0.00030, best valid loss: 0.00030
epoch: 29 | train loss: 0.00029, valid loss: 0.00027, best valid loss: 0.00027
epoch: 30 | train loss: 0.00026, valid loss: 0.00025, best valid loss: 0.00025
epoch: 31 | train loss: 0.00022, valid loss: 0.00021, best valid loss: 0.00021
epoch: 32 | train loss: 0.00022, valid loss: 0.00021, best valid loss: 0.00021
epoch: 33 | train loss: 0.00020, valid loss: 0.00021, best valid loss: 0.00021
epoch: 34 | train loss: 0.00019, valid loss: 0.00019, best valid loss: 0.00019
epoch: 35 | train loss: 0.00016, valid loss: 0.00017, best valid loss: 0.00017
epoch: 36 | train loss: 0.00017, valid loss: 0.00017, best valid loss: 0.00017
epoch: 37 | train loss: 0.00015, valid loss: 0.00015, best valid loss: 0.00015
epoch: 38 | train loss: 0.00015, valid loss: 0.00015, best valid loss: 0.00015
epoch: 39 | train loss: 0.00014, valid loss: 0.00014, best valid loss: 0.00014
epoch: 40 | train loss: 0.00013, valid loss: 0.00013, best valid loss: 0.00013
epoch: 41 | train loss: 0.00012, valid loss: 0.00013, best valid loss: 0.00013
epoch: 42 | train loss: 0.00012, valid loss: 0.00012, best valid loss: 0.00012
epoch: 43 | train loss: 0.00011, valid loss: 0.00012, best valid loss: 0.00012
epoch: 44 | train loss: 0.00011, valid loss: 0.00011, best valid loss: 0.00011
epoch: 45 | train loss: 0.00011, valid loss: 0.00013, best valid loss: 0.00011
epoch: 46 | train loss: 0.00010, valid loss: 0.00014, best valid loss: 0.00011
epoch: 47 | train loss: 0.00009, valid loss: 0.00010, best valid loss: 0.00010
epoch: 48 | train loss: 0.00011, valid loss: 0.00009, best valid loss: 0.00009
epoch: 49 | train loss: 0.00009, valid loss: 0.00010, best valid loss: 0.00009
epoch: 50 | train loss: 0.00009, valid loss: 0.00010, best valid loss: 0.00009
epoch: 51 | train loss: 0.00009, valid loss: 0.00009, best valid loss: 0.00009
epoch: 52 | train loss: 0.00008, valid loss: 0.00009, best valid loss: 0.00009
epoch: 53 | train loss: 0.00008, valid loss: 0.00008, best valid loss: 0.00008
epoch: 54 | train loss: 0.00008, valid loss: 0.00007, best valid loss: 0.00007
epoch: 55 | train loss: 0.00008, valid loss: 0.00007, best valid loss: 0.00007
epoch: 56 | train loss: 0.00008, valid loss: 0.00007, best valid loss: 0.00007
epoch: 57 | train loss: 0.00007, valid loss: 0.00007, best valid loss: 0.00007
epoch: 58 | train loss: 0.00007, valid loss: 0.00007, best valid loss: 0.00007
epoch: 59 | train loss: 0.00007, valid loss: 0.00007, best valid loss: 0.00007
epoch: 60 | train loss: 0.00007, valid loss: 0.00007, best valid loss: 0.00007
epoch: 61 | train loss: 0.00006, valid loss: 0.00007, best valid loss: 0.00007
epoch: 62 | train loss: 0.00006, valid loss: 0.00006, best valid loss: 0.00006
epoch: 63 | train loss: 0.00006, valid loss: 0.00006, best valid loss: 0.00006
epoch: 64 | train loss: 0.00006, valid loss: 0.00006, best valid loss: 0.00006
epoch: 65 | train loss: 0.00005, valid loss: 0.00006, best valid loss: 0.00006
epoch: 66 | train loss: 0.00006, valid loss: 0.00006, best valid loss: 0.00006
epoch: 67 | train loss: 0.00005, valid loss: 0.00005, best valid loss: 0.00005
epoch: 68 | train loss: 0.02085, valid loss: 0.00272, best valid loss: 0.00005
epoch: 69 | train loss: 0.00266, valid loss: 0.00223, best valid loss: 0.00005
epoch: 70 | train loss: 0.00338, valid loss: 0.00052, best valid loss: 0.00005
epoch: 71 | train loss: 0.00144, valid loss: 0.00034, best valid loss: 0.00005
epoch: 72 | train loss: 0.00036, valid loss: 0.00029, best valid loss: 0.00005
epoch: 73 | train loss: 0.00030, valid loss: 0.00024, best valid loss: 0.00005
epoch: 74 | train loss: 0.00024, valid loss: 0.00024, best valid loss: 0.00005
epoch: 75 | train loss: 0.00020, valid loss: 0.00039, best valid loss: 0.00005
epoch: 76 | train loss: 0.00018, valid loss: 0.00024, best valid loss: 0.00005
epoch: 77 | train loss: 0.00016, valid loss: 0.00014, best valid loss: 0.00005
epoch: 78 | train loss: 0.00012, valid loss: 0.00021, best valid loss: 0.00005
epoch: 79 | train loss: 0.00014, valid loss: 0.00012, best valid loss: 0.00005
epoch: 80 | train loss: 0.00051, valid loss: 0.00014, best valid loss: 0.00005
epoch: 81 | train loss: 0.00010, valid loss: 0.00031, best valid loss: 0.00005
epoch: 82 | train loss: 0.00014, valid loss: 0.00010, best valid loss: 0.00005
epoch: 83 | train loss: 0.00010, valid loss: 0.00010, best valid loss: 0.00005
epoch: 84 | train loss: 0.00010, valid loss: 0.00014, best valid loss: 0.00005
epoch: 85 | train loss: 0.00007, valid loss: 0.00010, best valid loss: 0.00005
epoch: 86 | train loss: 0.00016, valid loss: 0.00008, best valid loss: 0.00005
epoch: 87 | train loss: 0.00010, valid loss: 0.00008, best valid loss: 0.00005
epoch: 88 | train loss: 0.00011, valid loss: 0.00007, best valid loss: 0.00005
epoch: 89 | train loss: 0.00008, valid loss: 0.00012, best valid loss: 0.00005
epoch: 90 | train loss: 0.00006, valid loss: 0.00007, best valid loss: 0.00005
epoch: 91 | train loss: 0.00006, valid loss: 0.00009, best valid loss: 0.00005
epoch: 92 | train loss: 0.00006, valid loss: 0.00008, best valid loss: 0.00005
epoch: 93 | train loss: 0.00013, valid loss: 0.00008, best valid loss: 0.00005
epoch: 94 | train loss: 0.00007, valid loss: 0.00007, best valid loss: 0.00005
epoch: 95 | train loss: 0.00007, valid loss: 0.00008, best valid loss: 0.00005
[loading /misc/vlgscratch4/LecunGroup/nvidia-collab//dataset_i80/models/model=fwd-cnn-vae-fp-bsize=16-ncond=10-npred=20-lrt=0.0001-nhidden=100-nfeature=96-tieact=0-nz=32-beta=0.0002-zsphere=1-zmult=1-gclip=-1-warmstart=1.model]
[loading data /misc/vlgscratch4/LecunGroup/nvidia-collab/data_i80/trajectories-0400-0415.txt//all_data.pth]
[loading data /misc/vlgscratch4/LecunGroup/nvidia-collab/data_i80/trajectories-0500-0515.txt//all_data.pth]
[loading data /misc/vlgscratch4/LecunGroup/nvidia-collab/data_i80/trajectories-0515-0530.txt//all_data.pth]
[loading data splits]
[computing action stats]
[done]
[training]
epoch: 0 | train loss: 0.22081, valid loss: 0.05205, best valid loss: 0.05205
epoch: 1 | train loss: 0.02083, valid loss: 0.01982, best valid loss: 0.01982
epoch: 2 | train loss: 0.03337, valid loss: 0.03624, best valid loss: 0.01982
epoch: 3 | train loss: 0.01849, valid loss: 0.01749, best valid loss: 0.01749
epoch: 4 | train loss: 0.03418, valid loss: 0.00548, best valid loss: 0.00548
epoch: 5 | train loss: 0.00532, valid loss: 0.02815, best valid loss: 0.00548
epoch: 6 | train loss: 0.03887, valid loss: 0.02116, best valid loss: 0.00548
epoch: 7 | train loss: 0.05365, valid loss: 0.01230, best valid loss: 0.00548
epoch: 8 | train loss: 0.03125, valid loss: 0.02033, best valid loss: 0.00548
epoch: 9 | train loss: 0.02624, valid loss: 0.00748, best valid loss: 0.00548
epoch: 10 | train loss: 0.00825, valid loss: 0.00272, best valid loss: 0.00272
epoch: 11 | train loss: 0.00246, valid loss: 0.00203, best valid loss: 0.00203
epoch: 12 | train loss: 0.00137, valid loss: 0.00123, best valid loss: 0.00123
epoch: 13 | train loss: 0.00121, valid loss: 0.00126, best valid loss: 0.00123
epoch: 14 | train loss: 0.00083, valid loss: 0.00092, best valid loss: 0.00092
epoch: 15 | train loss: 0.00125, valid loss: 0.00078, best valid loss: 0.00078
epoch: 16 | train loss: 0.00076, valid loss: 0.00066, best valid loss: 0.00066
epoch: 17 | train loss: 0.00070, valid loss: 0.00060, best valid loss: 0.00060
epoch: 18 | train loss: 0.00089, valid loss: 0.00060, best valid loss: 0.00060
epoch: 19 | train loss: 0.00096, valid loss: 0.00053, best valid loss: 0.00053
epoch: 20 | train loss: 0.00059, valid loss: 0.00045, best valid loss: 0.00045
epoch: 21 | train loss: 0.00050, valid loss: 0.00052, best valid loss: 0.00045
epoch: 22 | train loss: 0.00046, valid loss: 0.00035, best valid loss: 0.00035
epoch: 23 | train loss: 0.00042, valid loss: 0.00035, best valid loss: 0.00035
epoch: 24 | train loss: 0.00033, valid loss: 0.00035, best valid loss: 0.00035
epoch: 25 | train loss: 0.00038, valid loss: 0.00049, best valid loss: 0.00035
epoch: 26 | train loss: 0.00041, valid loss: 0.00029, best valid loss: 0.00029
epoch: 27 | train loss: 0.00036, valid loss: 0.00036, best valid loss: 0.00029
epoch: 28 | train loss: 0.00027, valid loss: 0.00029, best valid loss: 0.00029
epoch: 29 | train loss: 0.00028, valid loss: 0.00030, best valid loss: 0.00029
epoch: 30 | train loss: 0.00040, valid loss: 0.00026, best valid loss: 0.00026
epoch: 31 | train loss: 0.00025, valid loss: 0.00024, best valid loss: 0.00024
epoch: 32 | train loss: 0.00022, valid loss: 0.00024, best valid loss: 0.00024
epoch: 33 | train loss: 0.00021, valid loss: 0.00021, best valid loss: 0.00021
epoch: 34 | train loss: 0.00027, valid loss: 0.00021, best valid loss: 0.00021
epoch: 35 | train loss: 0.00025, valid loss: 0.00018, best valid loss: 0.00018
epoch: 36 | train loss: 0.00025, valid loss: 0.00017, best valid loss: 0.00017
epoch: 37 | train loss: 0.01051, valid loss: 0.00220, best valid loss: 0.00017
epoch: 38 | train loss: 0.00224, valid loss: 0.00163, best valid loss: 0.00017
epoch: 39 | train loss: 0.00064, valid loss: 0.00186, best valid loss: 0.00017
epoch: 40 | train loss: 0.00045, valid loss: 0.00036, best valid loss: 0.00017
epoch: 41 | train loss: 0.00188, valid loss: 0.00032, best valid loss: 0.00017
epoch: 42 | train loss: 0.00028, valid loss: 0.00255, best valid loss: 0.00017
epoch: 43 | train loss: 0.00027, valid loss: 0.00225, best valid loss: 0.00017
epoch: 44 | train loss: 0.00042, valid loss: 0.00873, best valid loss: 0.00017
epoch: 45 | train loss: 0.00111, valid loss: 0.00355, best valid loss: 0.00017
epoch: 46 | train loss: 0.02055, valid loss: 0.36774, best valid loss: 0.00017
epoch: 47 | train loss: 0.08486, valid loss: 0.02847, best valid loss: 0.00017
epoch: 48 | train loss: 0.02435, valid loss: 0.00669, best valid loss: 0.00017
epoch: 49 | train loss: 0.00528, valid loss: 0.00377, best valid loss: 0.00017
epoch: 50 | train loss: 0.00235, valid loss: 0.00181, best valid loss: 0.00017
epoch: 51 | train loss: 0.00239, valid loss: 0.00138, best valid loss: 0.00017
epoch: 52 | train loss: 0.00114, valid loss: 0.00092, best valid loss: 0.00017
epoch: 53 | train loss: 0.00199, valid loss: 0.00077, best valid loss: 0.00017
epoch: 54 | train loss: 0.00070, valid loss: 0.00120, best valid loss: 0.00017
epoch: 55 | train loss: 0.00058, valid loss: 0.00065, best valid loss: 0.00017
epoch: 56 | train loss: 0.00080, valid loss: 0.00058, best valid loss: 0.00017
epoch: 57 | train loss: 0.00072, valid loss: 0.00059, best valid loss: 0.00017
epoch: 58 | train loss: 0.00053, valid loss: 0.00055, best valid loss: 0.00017
epoch: 59 | train loss: 0.00040, valid loss: 0.00049, best valid loss: 0.00017
epoch: 60 | train loss: 0.00045, valid loss: 0.00039, best valid loss: 0.00017
epoch: 61 | train loss: 0.00040, valid loss: 0.00037, best valid loss: 0.00017
epoch: 62 | train loss: 0.00051, valid loss: 0.00034, best valid loss: 0.00017
epoch: 63 | train loss: 0.00032, valid loss: 0.00033, best valid loss: 0.00017
epoch: 64 | train loss: 0.00037, valid loss: 0.00033, best valid loss: 0.00017
epoch: 65 | train loss: 0.00032, valid loss: 0.00031, best valid loss: 0.00017
epoch: 66 | train loss: 0.00030, valid loss: 0.00033, best valid loss: 0.00017
epoch: 67 | train loss: 0.00028, valid loss: 0.00027, best valid loss: 0.00017
epoch: 68 | train loss: 0.00036, valid loss: 0.00028, best valid loss: 0.00017
epoch: 69 | train loss: 0.00042, valid loss: 0.00025, best valid loss: 0.00017
epoch: 70 | train loss: 0.00023, valid loss: 0.00023, best valid loss: 0.00017
epoch: 71 | train loss: 0.00022, valid loss: 0.00024, best valid loss: 0.00017
epoch: 72 | train loss: 0.00022, valid loss: 0.00022, best valid loss: 0.00017
epoch: 73 | train loss: 0.00020, valid loss: 0.00028, best valid loss: 0.00017
epoch: 74 | train loss: 0.00020, valid loss: 0.00020, best valid loss: 0.00017
epoch: 75 | train loss: 0.00021, valid loss: 0.00022, best valid loss: 0.00017
epoch: 76 | train loss: 0.00021, valid loss: 0.00024, best valid loss: 0.00017
epoch: 77 | train loss: 0.00019, valid loss: 0.00019, best valid loss: 0.00017
epoch: 78 | train loss: 0.00023, valid loss: 0.00019, best valid loss: 0.00017
epoch: 79 | train loss: 0.00098, valid loss: 0.00019, best valid loss: 0.00017
epoch: 80 | train loss: 0.00019, valid loss: 0.00019, best valid loss: 0.00017
epoch: 81 | train loss: 0.00019, valid loss: 0.00018, best valid loss: 0.00017
epoch: 82 | train loss: 0.00020, valid loss: 0.00017, best valid loss: 0.00017
epoch: 83 | train loss: 0.00017, valid loss: 0.00022, best valid loss: 0.00017
epoch: 84 | train loss: 0.00014, valid loss: 0.00020, best valid loss: 0.00017
epoch: 85 | train loss: 0.00027, valid loss: 0.00015, best valid loss: 0.00015
epoch: 86 | train loss: 0.00017, valid loss: 0.00015, best valid loss: 0.00015
epoch: 87 | train loss: 0.00016, valid loss: 0.00014, best valid loss: 0.00014
epoch: 88 | train loss: 0.00015, valid loss: 0.00014, best valid loss: 0.00014
epoch: 89 | train loss: 0.00013, valid loss: 0.00014, best valid loss: 0.00014
epoch: 90 | train loss: 0.00013, valid loss: 0.00013, best valid loss: 0.00013
epoch: 91 | train loss: 0.00012, valid loss: 0.00013, best valid loss: 0.00013
epoch: 92 | train loss: 0.00012, valid loss: 0.00013, best valid loss: 0.00013
epoch: 93 | train loss: 0.00014, valid loss: 0.00013, best valid loss: 0.00013
epoch: 94 | train loss: 0.00013, valid loss: 0.00012, best valid loss: 0.00012
epoch: 95 | train loss: 0.00012, valid loss: 0.00011, best valid loss: 0.00011
epoch: 96 | train loss: 0.00007, valid loss: 0.00005, best valid loss: 0.00005
epoch: 97 | train loss: 0.00006, valid loss: 0.00005, best valid loss: 0.00005
epoch: 98 | train loss: 0.00006, valid loss: 0.00006, best valid loss: 0.00005
epoch: 99 | train loss: 0.00006, valid loss: 0.00005, best valid loss: 0.00005
.txt//all_data.pth]
[loading data /misc/vlgscratch4/LecunGroup/nvidia-collab/data_i80/trajectories-0500-0515.txt//all_data.pth]
[loading data /misc/vlgscratch4/LecunGroup/nvidia-collab/data_i80/trajectories-0515-0530.txt//all_data.pth]
[loading data splits]
[computing action stats]
[done]
[training]
epoch: 0 | train loss: 0.15144, valid loss: 0.04973, best valid loss: 0.04973
epoch: 1 | train loss: 0.03269, valid loss: 0.00694, best valid loss: 0.00694
epoch: 2 | train loss: 0.00526, valid loss: 0.00756, best valid loss: 0.00694
epoch: 3 | train loss: 0.00426, valid loss: 0.00629, best valid loss: 0.00629
epoch: 4 | train loss: 0.00220, valid loss: 0.00366, best valid loss: 0.00366
epoch: 5 | train loss: 0.00154, valid loss: 0.00142, best valid loss: 0.00142
epoch: 6 | train loss: 0.00124, valid loss: 0.00951, best valid loss: 0.00142
epoch: 7 | train loss: 0.00098, valid loss: 0.00521, best valid loss: 0.00142
epoch: 8 | train loss: 0.00107, valid loss: 0.00081, best valid loss: 0.00081
epoch: 9 | train loss: 0.00066, valid loss: 0.00065, best valid loss: 0.00065
epoch: 10 | train loss: 0.00057, valid loss: 0.00061, best valid loss: 0.00061
epoch: 11 | train loss: 0.00062, valid loss: 0.00057, best valid loss: 0.00057
epoch: 12 | train loss: 0.00044, valid loss: 0.00132, best valid loss: 0.00057
epoch: 13 | train loss: 0.00043, valid loss: 0.00042, best valid loss: 0.00042
epoch: 14 | train loss: 0.00036, valid loss: 0.00103, best valid loss: 0.00042
epoch: 15 | train loss: 0.00034, valid loss: 0.00039, best valid loss: 0.00039
epoch: 16 | train loss: 0.00031, valid loss: 0.00033, best valid loss: 0.00033
epoch: 17 | train loss: 0.00028, valid loss: 0.00052, best valid loss: 0.00033
epoch: 18 | train loss: 0.00025, valid loss: 0.00036, best valid loss: 0.00033
epoch: 19 | train loss: 0.00024, valid loss: 0.00024, best valid loss: 0.00024
epoch: 20 | train loss: 0.00022, valid loss: 0.00449, best valid loss: 0.00024
epoch: 21 | train loss: 0.00020, valid loss: 0.00302, best valid loss: 0.00024
epoch: 22 | train loss: 0.00041, valid loss: 0.00025, best valid loss: 0.00024
epoch: 23 | train loss: 0.00021, valid loss: 0.00397, best valid loss: 0.00024
epoch: 24 | train loss: 0.00018, valid loss: 0.00691, best valid loss: 0.00024
epoch: 25 | train loss: 0.00018, valid loss: 0.00029, best valid loss: 0.00024
epoch: 26 | train loss: 0.00684, valid loss: 0.10839, best valid loss: 0.00024
epoch: 27 | train loss: 0.04255, valid loss: 0.01069, best valid loss: 0.00024
epoch: 28 | train loss: 0.00685, valid loss: 0.00222, best valid loss: 0.00024
epoch: 29 | train loss: 0.00090, valid loss: 0.00061, best valid loss: 0.00024
epoch: 30 | train loss: 0.00049, valid loss: 0.00047, best valid loss: 0.00024
epoch: 31 | train loss: 0.00045, valid loss: 0.00039, best valid loss: 0.00024
epoch: 32 | train loss: 0.00037, valid loss: 0.00035, best valid loss: 0.00024
epoch: 33 | train loss: 0.00031, valid loss: 0.00030, best valid loss: 0.00024
epoch: 34 | train loss: 0.00027, valid loss: 0.00031, best valid loss: 0.00024
epoch: 35 | train loss: 0.00023, valid loss: 0.00024, best valid loss: 0.00024
epoch: 36 | train loss: 0.00023, valid loss: 0.00022, best valid loss: 0.00022
epoch: 37 | train loss: 0.00022, valid loss: 0.00020, best valid loss: 0.00020
epoch: 38 | train loss: 0.00021, valid loss: 0.00019, best valid loss: 0.00019
epoch: 39 | train loss: 0.00017, valid loss: 0.00017, best valid loss: 0.00017
epoch: 40 | train loss: 0.00017, valid loss: 0.00016, best valid loss: 0.00016
epoch: 41 | train loss: 0.00015, valid loss: 0.00015, best valid loss: 0.00015
epoch: 42 | train loss: 0.00014, valid loss: 0.00015, best valid loss: 0.00015
epoch: 43 | train loss: 0.00013, valid loss: 0.00014, best valid loss: 0.00014
epoch: 44 | train loss: 0.00018, valid loss: 0.00013, best valid loss: 0.00013
epoch: 45 | train loss: 0.00013, valid loss: 0.00012, best valid loss: 0.00012
epoch: 46 | train loss: 0.00011, valid loss: 0.00012, best valid loss: 0.00012
epoch: 47 | train loss: 0.00011, valid loss: 0.00012, best valid loss: 0.00012
epoch: 48 | train loss: 0.00011, valid loss: 0.00011, best valid loss: 0.00011
epoch: 49 | train loss: 0.00010, valid loss: 0.00010, best valid loss: 0.00010
epoch: 50 | train loss: 0.00009, valid loss: 0.00010, best valid loss: 0.00010
epoch: 51 | train loss: 0.00010, valid loss: 0.00011, best valid loss: 0.00010
epoch: 52 | train loss: 0.00010, valid loss: 0.00009, best valid loss: 0.00009
epoch: 53 | train loss: 0.00009, valid loss: 0.00009, best valid loss: 0.00009
epoch: 54 | train loss: 0.00008, valid loss: 0.00010, best valid loss: 0.00009
epoch: 55 | train loss: 0.00009, valid loss: 0.00008, best valid loss: 0.00008
epoch: 56 | train loss: 0.00008, valid loss: 0.00008, best valid loss: 0.00008
epoch: 57 | train loss: 0.00007, valid loss: 0.00008, best valid loss: 0.00008
epoch: 58 | train loss: 0.00007, valid loss: 0.00013, best valid loss: 0.00008
epoch: 59 | train loss: 0.00007, valid loss: 0.00007, best valid loss: 0.00007
epoch: 60 | train loss: 0.00007, valid loss: 0.00008, best valid loss: 0.00007
epoch: 61 | train loss: 0.00006, valid loss: 0.00006, best valid loss: 0.00006
epoch: 62 | train loss: 0.00007, valid loss: 0.00007, best valid loss: 0.00006
epoch: 63 | train loss: 0.00006, valid loss: 0.00007, best valid loss: 0.00006
epoch: 64 | train loss: 0.00006, valid loss: 0.00006, best valid loss: 0.00006
epoch: 65 | train loss: 0.00006, valid loss: 0.00006, best valid loss: 0.00006
epoch: 66 | train loss: 0.00007, valid loss: 0.00006, best valid loss: 0.00006
epoch: 67 | train loss: 0.00006, valid loss: 0.00006, best valid loss: 0.00006
epoch: 68 | train loss: 0.00005, valid loss: 0.00006, best valid loss: 0.00006
epoch: 69 | train loss: 0.00007, valid loss: 0.00005, best valid loss: 0.00005
epoch: 70 | train loss: 0.00006, valid loss: 0.00005, best valid loss: 0.00005
epoch: 71 | train loss: 0.00005, valid loss: 0.00005, best valid loss: 0.00005
epoch: 72 | train loss: 0.00005, valid loss: 0.00005, best valid loss: 0.00005
epoch: 73 | train loss: 0.00004, valid loss: 0.00005, best valid loss: 0.00005
epoch: 74 | train loss: 0.00005, valid loss: 0.00004, best valid loss: 0.00004
epoch: 75 | train loss: 0.00004, valid loss: 0.00004, best valid loss: 0.00004
epoch: 76 | train loss: 0.00005, valid loss: 0.00004, best valid loss: 0.00004
epoch: 77 | train loss: 0.00004, valid loss: 0.00004, best valid loss: 0.00004
epoch: 78 | train loss: 0.00004, valid loss: 0.00004, best valid loss: 0.00004
epoch: 79 | train loss: 0.00004, valid loss: 0.00004, best valid loss: 0.00004
epoch: 80 | train loss: 0.00004, valid loss: 0.00004, best valid loss: 0.00004
epoch: 81 | train loss: 0.00004, valid loss: 0.00004, best valid loss: 0.00004
epoch: 82 | train loss: 0.00004, valid loss: 0.00004, best valid loss: 0.00004
epoch: 83 | train loss: 0.00004, valid loss: 0.00004, best valid loss: 0.00004
epoch: 84 | train loss: 0.00004, valid loss: 0.00004, best valid loss: 0.00004
epoch: 85 | train loss: 0.00003, valid loss: 0.00004, best valid loss: 0.00004
epoch: 86 | train loss: 0.00003, valid loss: 0.00003, best valid loss: 0.00003
epoch: 87 | train loss: 0.00003, valid loss: 0.00003, best valid loss: 0.00003
epoch: 88 | train loss: 0.00006, valid loss: 0.00003, best valid loss: 0.00003
epoch: 89 | train loss: 0.00003, valid loss: 0.00003, best valid loss: 0.00003
epoch: 90 | train loss: 0.00003, valid loss: 0.00003, best valid loss: 0.00003
epoch: 91 | train loss: 0.00003, valid loss: 0.00003, best valid loss: 0.00003
epoch: 92 | train loss: 0.00003, valid loss: 0.00003, best valid loss: 0.00003
epoch: 93 | train loss: 0.00003, valid loss: 0.00003, best valid loss: 0.00003
epoch: 94 | train loss: 0.00003, valid loss: 0.00003, best valid loss: 0.00003
epoch: 95 | train loss: 0.00003, valid loss: 0.00003, best valid loss: 0.00003
[loading /misc/vlgscratch4/LecunGroup/nvidia-collab//dataset_i80/models/model=fwd-cnn-vae-lp-bsize=32-ncond=10-npred=20-lrt=0.0001-nhidden=100-nfeature=96-tieact=0-nz=32-beta=0.0005-warmstart=1.model]
[loading data /misc/vlgscratch4/LecunGroup/nvidia-collab/data_i80/trajectories-0400-0415.txt//all_data.pth]
[loading data /misc/vlgscratch4/LecunGroup/nvidia-collab/data_i80/trajectories-0500-0515.txt//all_data.pth]
[loading data /misc/vlgscratch4/LecunGroup/nvidia-collab/data_i80/trajectories-0515-0530.txt//all_data.pth]
[loading data splits]
[computing action stats]
[done]
[training]
epoch: 0 | train loss: 0.15491, valid loss: 0.01665, best valid loss: 0.01665
epoch: 1 | train loss: 0.00900, valid loss: 0.02237, best valid loss: 0.01665
epoch: 2 | train loss: 0.00318, valid loss: 0.01610, best valid loss: 0.01610
epoch: 3 | train loss: 0.00201, valid loss: 0.01291, best valid loss: 0.01291
epoch: 4 | train loss: 0.00154, valid loss: 0.01279, best valid loss: 0.01279
epoch: 5 | train loss: 0.00195, valid loss: 0.00099, best valid loss: 0.00099
epoch: 6 | train loss: 0.00375, valid loss: 0.01410, best valid loss: 0.00099
epoch: 7 | train loss: 0.03997, valid loss: 0.00238, best valid loss: 0.00099
epoch: 8 | train loss: 0.00218, valid loss: 0.00166, best valid loss: 0.00099
epoch: 9 | train loss: 0.00193, valid loss: 0.00650, best valid loss: 0.00099
epoch: 10 | train loss: 0.02668, valid loss: 0.00163, best valid loss: 0.00099
epoch: 11 | train loss: 0.02635, valid loss: 0.00613, best valid loss: 0.00099
epoch: 12 | train loss: 0.00240, valid loss: 0.00202, best valid loss: 0.00099
epoch: 13 | train loss: 0.00163, valid loss: 0.00157, best valid loss: 0.00099
epoch: 14 | train loss: 0.00113, valid loss: 0.00250, best valid loss: 0.00099
epoch: 15 | train loss: 0.00093, valid loss: 0.00088, best valid loss: 0.00088
epoch: 16 | train loss: 0.00089, valid loss: 0.00129, best valid loss: 0.00088
epoch: 17 | train loss: 0.01775, valid loss: 0.00482, best valid loss: 0.00088
epoch: 18 | train loss: 0.00498, valid loss: 0.00216, best valid loss: 0.00088
epoch: 19 | train loss: 0.00217, valid loss: 0.00374, best valid loss: 0.00088
epoch: 20 | train loss: 0.00085, valid loss: 0.00075, best valid loss: 0.00075
epoch: 21 | train loss: 0.00093, valid loss: 0.00227, best valid loss: 0.00075
epoch: 22 | train loss: 0.00052, valid loss: 0.00238, best valid loss: 0.00075
epoch: 23 | train loss: 0.00048, valid loss: 0.00045, best valid loss: 0.00045
epoch: 24 | train loss: 0.00042, valid loss: 0.00193, best valid loss: 0.00045
epoch: 25 | train loss: 0.00044, valid loss: 0.00044, best valid loss: 0.00044
epoch: 26 | train loss: 0.00042, valid loss: 0.00031, best valid loss: 0.00031
epoch: 27 | train loss: 0.00135, valid loss: 0.00040, best valid loss: 0.00031
epoch: 28 | train loss: 0.00029, valid loss: 0.00037, best valid loss: 0.00031
epoch: 29 | train loss: 0.00026, valid loss: 0.00026, best valid loss: 0.00026
epoch: 30 | train loss: 0.00023, valid loss: 0.00024, best valid loss: 0.00024
epoch: 31 | train loss: 0.00027, valid loss: 0.00037, best valid loss: 0.00024
epoch: 32 | train loss: 0.00022, valid loss: 0.00022, best valid loss: 0.00022
epoch: 33 | train loss: 0.00018, valid loss: 0.00021, best valid loss: 0.00021
epoch: 34 | train loss: 0.00019, valid loss: 0.00018, best valid loss: 0.00018
epoch: 35 | train loss: 0.00026, valid loss: 0.00016, best valid loss: 0.00016
epoch: 36 | train loss: 0.00017, valid loss: 0.00016, best valid loss: 0.00016
epoch: 37 | train loss: 0.00015, valid loss: 0.00015, best valid loss: 0.00015
epoch: 38 | train loss: 0.00016, valid loss: 0.00016, best valid loss: 0.00015
epoch: 39 | train loss: 0.00016, valid loss: 0.00015, best valid loss: 0.00015
epoch: 40 | train loss: 0.00013, valid loss: 0.00013, best valid loss: 0.00013
epoch: 41 | train loss: 0.00016, valid loss: 0.00016, best valid loss: 0.00013
epoch: 42 | train loss: 0.00024, valid loss: 0.00014, best valid loss: 0.00013
epoch: 43 | train loss: 0.00012, valid loss: 0.00038, best valid loss: 0.00013
epoch: 44 | train loss: 0.00012, valid loss: 0.00011, best valid loss: 0.00011
epoch: 45 | train loss: 0.00011, valid loss: 0.00051, best valid loss: 0.00011
epoch: 46 | train loss: 0.00017, valid loss: 0.00017, best valid loss: 0.00011
epoch: 47 | train loss: 0.00010, valid loss: 0.00011, best valid loss: 0.00011
epoch: 48 | train loss: 0.00010, valid loss: 0.00012, best valid loss: 0.00011
epoch: 49 | train loss: 0.00009, valid loss: 0.00010, best valid loss: 0.00010
epoch: 50 | train loss: 0.00009, valid loss: 0.00010, best valid loss: 0.00010
epoch: 51 | train loss: 0.00009, valid loss: 0.00014, best valid loss: 0.00010
epoch: 52 | train loss: 0.00008, valid loss: 0.00011, best valid loss: 0.00010
epoch: 53 | train loss: 0.00009, valid loss: 0.00009, best valid loss: 0.00009
epoch: 54 | train loss: 0.00009, valid loss: 0.00012, best valid loss: 0.00009
epoch: 55 | train loss: 0.00008, valid loss: 0.00008, best valid loss: 0.00008
epoch: 56 | train loss: 0.00012, valid loss: 0.00008, best valid loss: 0.00008
epoch: 57 | train loss: 0.00007, valid loss: 0.00009, best valid loss: 0.00008
epoch: 58 | train loss: 0.00007, valid loss: 0.00009, best valid loss: 0.00008
epoch: 59 | train loss: 0.00007, valid loss: 0.00010, best valid loss: 0.00008
epoch: 60 | train loss: 0.00009, valid loss: 0.00007, best valid loss: 0.00007
epoch: 61 | train loss: 0.00007, valid loss: 0.00007, best valid loss: 0.00007
epoch: 62 | train loss: 0.00007, valid loss: 0.00007, best valid loss: 0.00007
epoch: 63 | train loss: 0.00006, valid loss: 0.00007, best valid loss: 0.00007
epoch: 64 | train loss: 0.00006, valid loss: 0.00008, best valid loss: 0.00007
epoch: 65 | train loss: 0.00007, valid loss: 0.00008, best valid loss: 0.00007
epoch: 66 | train loss: 0.00010, valid loss: 0.00006, best valid loss: 0.00006
epoch: 67 | train loss: 0.00006, valid loss: 0.00007, best valid loss: 0.00006
epoch: 68 | train loss: 0.00006, valid loss: 0.00006, best valid loss: 0.00006
epoch: 69 | train loss: 0.00005, valid loss: 0.00005, best valid loss: 0.00005
epoch: 70 | train loss: 0.00006, valid loss: 0.00005, best valid loss: 0.00005
epoch: 71 | train loss: 0.00005, valid loss: 0.00005, best valid loss: 0.00005
epoch: 72 | train loss: 0.00005, valid loss: 0.00005, best valid loss: 0.00005
epoch: 73 | train loss: 0.00005, valid loss: 0.00005, best valid loss: 0.00005
epoch: 74 | train loss: 0.00005, valid loss: 0.00005, best valid loss: 0.00005
epoch: 75 | train loss: 0.00004, valid loss: 0.00005, best valid loss: 0.00005
epoch: 76 | train loss: 0.00005, valid loss: 0.00004, best valid loss: 0.00004
epoch: 77 | train loss: 0.00005, valid loss: 0.00004, best valid loss: 0.00004
epoch: 78 | train loss: 0.00004, valid loss: 0.00007, best valid loss: 0.00004
epoch: 79 | train loss: 0.00004, valid loss: 0.00016, best valid loss: 0.00004
epoch: 80 | train loss: 0.00004, valid loss: 0.00004, best valid loss: 0.00004
epoch: 81 | train loss: 0.00005, valid loss: 0.00005, best valid loss: 0.00004
epoch: 82 | train loss: 0.00004, valid loss: 0.00004, best valid loss: 0.00004
epoch: 83 | train loss: 0.00004, valid loss: 0.00008, best valid loss: 0.00004
epoch: 84 | train loss: 0.00004, valid loss: 0.00004, best valid loss: 0.00004
epoch: 85 | train loss: 0.00004, valid loss: 0.00004, best valid loss: 0.00004
epoch: 86 | train loss: 0.00004, valid loss: 0.00004, best valid loss: 0.00004
epoch: 87 | train loss: 0.00004, valid loss: 0.00268, best valid loss: 0.00004
epoch: 88 | train loss: 0.00004, valid loss: 0.00004, best valid loss: 0.00004
epoch: 89 | train loss: 0.00004, valid loss: 0.00004, best valid loss: 0.00004
epoch: 90 | train loss: 0.00003, valid loss: 0.00003, best valid loss: 0.00003
epoch: 91 | train loss: 0.00004, valid loss: 0.00003, best valid loss: 0.00003
epoch: 92 | train loss: 0.00003, valid loss: 0.00003, best valid loss: 0.00003
epoch: 93 | train loss: 0.00004, valid loss: 0.00003, best valid loss: 0.00003
epoch: 94 | train loss: 0.00003, valid loss: 0.00003, best valid loss: 0.00003
epoch: 95 | train loss: 0.00003, valid loss: 0.00003, best valid loss: 0.00003
epoch: 96 | train loss: 0.00012, valid loss: 0.00011, best valid loss: 0.00011
epoch: 97 | train loss: 0.00012, valid loss: 0.00011, best valid loss: 0.00011
epoch: 98 | train loss: 0.00011, valid loss: 0.00011, best valid loss: 0.00011
epoch: 99 | train loss: 0.00010, valid loss: 0.00011, best valid loss: 0.00011
[loading /misc/vlgscratch4/LecunGroup/nvidia-collab//dataset_i80/models/model=fwd-cnn-vae-fp-bsize=16-ncond=10-npred=20-lrt=0.0001-nhidden=100-nfeature=96-tieact=0-nz=32-beta=0.01-zsphere=1-zmult=1-gclip=-1-warmstart=1.model]
[loading data /misc/vlgscratch4/LecunGroup/nvidia-collab/data_i80/trajectories-0400-0415.txt//all_data.pth]
[loading data /misc/vlgscratch4/LecunGroup/nvidia-collab/data_i80/trajectories-0500-0515.txt//all_data.pth]
[loading data /misc/vlgscratch4/LecunGroup/nvidia-collab/data_i80/trajectories-0515-0530.txt//all_data.pth]
[loading data splits]
[computing action stats]
[done]
[training]
epoch: 0 | train loss: 0.14550, valid loss: 0.02507, best valid loss: 0.02507
epoch: 1 | train loss: 0.01884, valid loss: 0.00888, best valid loss: 0.00888
epoch: 2 | train loss: 0.00746, valid loss: 0.00546, best valid loss: 0.00546
epoch: 3 | train loss: 0.00367, valid loss: 0.00256, best valid loss: 0.00256
epoch: 4 | train loss: 0.00403, valid loss: 0.07773, best valid loss: 0.00256
epoch: 5 | train loss: 0.03056, valid loss: 0.04629, best valid loss: 0.00256
epoch: 6 | train loss: 0.02019, valid loss: 0.01281, best valid loss: 0.00256
epoch: 7 | train loss: 0.00441, valid loss: 0.00296, best valid loss: 0.00256
epoch: 8 | train loss: 0.00275, valid loss: 0.00156, best valid loss: 0.00156
epoch: 9 | train loss: 0.00146, valid loss: 0.00110, best valid loss: 0.00110
epoch: 10 | train loss: 0.00107, valid loss: 0.00089, best valid loss: 0.00089
epoch: 11 | train loss: 0.00079, valid loss: 0.00080, best valid loss: 0.00080
epoch: 12 | train loss: 0.00085, valid loss: 0.00065, best valid loss: 0.00065
epoch: 13 | train loss: 0.00054, valid loss: 0.00068, best valid loss: 0.00065
epoch: 14 | train loss: 0.00050, valid loss: 0.00052, best valid loss: 0.00052
epoch: 15 | train loss: 0.00049, valid loss: 0.00048, best valid loss: 0.00048
epoch: 16 | train loss: 0.00048, valid loss: 0.00043, best valid loss: 0.00043
epoch: 17 | train loss: 0.00041, valid loss: 0.00042, best valid loss: 0.00042
epoch: 18 | train loss: 0.00037, valid loss: 0.00042, best valid loss: 0.00042
epoch: 19 | train loss: 0.00039, valid loss: 0.00034, best valid loss: 0.00034
epoch: 20 | train loss: 0.00031, valid loss: 0.00033, best valid loss: 0.00033
epoch: 21 | train loss: 0.00033, valid loss: 0.00029, best valid loss: 0.00029
epoch: 22 | train loss: 0.00034, valid loss: 0.00026, best valid loss: 0.00026
epoch: 23 | train loss: 0.00024, valid loss: 0.00027, best valid loss: 0.00026
epoch: 24 | train loss: 0.00023, valid loss: 0.00024, best valid loss: 0.00024
epoch: 25 | train loss: 0.00024, valid loss: 0.00022, best valid loss: 0.00022
epoch: 26 | train loss: 0.00021, valid loss: 0.00021, best valid loss: 0.00021
epoch: 27 | train loss: 0.00024, valid loss: 0.00019, best valid loss: 0.00019
epoch: 28 | train loss: 0.00018, valid loss: 0.00018, best valid loss: 0.00018
epoch: 29 | train loss: 0.00018, valid loss: 0.00017, best valid loss: 0.00017
epoch: 30 | train loss: 0.00016, valid loss: 0.00017, best valid loss: 0.00017
epoch: 31 | train loss: 0.00017, valid loss: 0.00015, best valid loss: 0.00015
epoch: 32 | train loss: 0.00033, valid loss: 0.00016, best valid loss: 0.00015
epoch: 33 | train loss: 0.00015, valid loss: 0.00014, best valid loss: 0.00014
epoch: 34 | train loss: 0.00017, valid loss: 0.00015, best valid loss: 0.00014
epoch: 35 | train loss: 0.00013, valid loss: 0.00014, best valid loss: 0.00014
epoch: 36 | train loss: 0.00012, valid loss: 0.00012, best valid loss: 0.00012
epoch: 37 | train loss: 0.00012, valid loss: 0.00014, best valid loss: 0.00012
epoch: 38 | train loss: 0.00013, valid loss: 0.00011, best valid loss: 0.00011
epoch: 39 | train loss: 0.00010, valid loss: 0.00011, best valid loss: 0.00011
epoch: 40 | train loss: 0.00010, valid loss: 0.00011, best valid loss: 0.00011
epoch: 41 | train loss: 0.00010, valid loss: 0.00010, best valid loss: 0.00010
epoch: 42 | train loss: 0.00010, valid loss: 0.00010, best valid loss: 0.00010
epoch: 43 | train loss: 0.00009, valid loss: 0.00009, best valid loss: 0.00009
epoch: 44 | train loss: 0.00009, valid loss: 0.00009, best valid loss: 0.00009
epoch: 45 | train loss: 0.00009, valid loss: 0.00009, best valid loss: 0.00009
epoch: 46 | train loss: 0.00008, valid loss: 0.00009, best valid loss: 0.00009
epoch: 47 | train loss: 0.00008, valid loss: 0.00011, best valid loss: 0.00009
epoch: 48 | train loss: 0.00008, valid loss: 0.00008, best valid loss: 0.00008
epoch: 49 | train loss: 0.00008, valid loss: 0.00008, best valid loss: 0.00008
epoch: 50 | train loss: 0.00008, valid loss: 0.00007, best valid loss: 0.00007
epoch: 51 | train loss: 0.00008, valid loss: 0.00007, best valid loss: 0.00007
epoch: 52 | train loss: 0.00007, valid loss: 0.00007, best valid loss: 0.00007
epoch: 53 | train loss: 0.00008, valid loss: 0.00007, best valid loss: 0.00007
epoch: 54 | train loss: 0.00007, valid loss: 0.00007, best valid loss: 0.00007
epoch: 55 | train loss: 0.00007, valid loss: 0.00006, best valid loss: 0.00006
epoch: 56 | train loss: 0.00007, valid loss: 0.00006, best valid loss: 0.00006
epoch: 57 | train loss: 0.00007, valid loss: 0.00006, best valid loss: 0.00006
epoch: 58 | train loss: 0.00006, valid loss: 0.00006, best valid loss: 0.00006
epoch: 59 | train loss: 0.00006, valid loss: 0.00006, best valid loss: 0.00006
epoch: 60 | train loss: 0.00007, valid loss: 0.00006, best valid loss: 0.00006
epoch: 61 | train loss: 0.00006, valid loss: 0.00005, best valid loss: 0.00005
epoch: 62 | train loss: 0.00005, valid loss: 0.00005, best valid loss: 0.00005
epoch: 63 | train loss: 0.00005, valid loss: 0.00005, best valid loss: 0.00005
epoch: 64 | train loss: 0.00005, valid loss: 0.00005, best valid loss: 0.00005
epoch: 65 | train loss: 0.00005, valid loss: 0.00005, best valid loss: 0.00005
epoch: 66 | train loss: 0.00005, valid loss: 0.00005, best valid loss: 0.00005
epoch: 67 | train loss: 0.00005, valid loss: 0.00005, best valid loss: 0.00005
epoch: 68 | train loss: 0.00004, valid loss: 0.00005, best valid loss: 0.00005
epoch: 69 | train loss: 0.00005, valid loss: 0.00004, best valid loss: 0.00004
epoch: 70 | train loss: 0.00005, valid loss: 0.00004, best valid loss: 0.00004
epoch: 71 | train loss: 0.00004, valid loss: 0.00004, best valid loss: 0.00004
epoch: 72 | train loss: 0.00004, valid loss: 0.00004, best valid loss: 0.00004
epoch: 73 | train loss: 0.00004, valid loss: 0.00004, best valid loss: 0.00004
epoch: 74 | train loss: 0.00004, valid loss: 0.00004, best valid loss: 0.00004
epoch: 75 | train loss: 0.00004, valid loss: 0.00004, best valid loss: 0.00004
epoch: 76 | train loss: 0.00004, valid loss: 0.00004, best valid loss: 0.00004
epoch: 77 | train loss: 0.00004, valid loss: 0.00004, best valid loss: 0.00004
epoch: 78 | train loss: 0.00004, valid loss: 0.00004, best valid loss: 0.00004
epoch: 79 | train loss: 0.00004, valid loss: 0.00004, best valid loss: 0.00004
epoch: 80 | train loss: 0.00004, valid loss: 0.00004, best valid loss: 0.00004
epoch: 81 | train loss: 0.00004, valid loss: 0.00004, best valid loss: 0.00004
epoch: 82 | train loss: 0.00004, valid loss: 0.00003, best valid loss: 0.00003
epoch: 83 | train loss: 0.00003, valid loss: 0.00003, best valid loss: 0.00003
epoch: 84 | train loss: 0.00003, valid loss: 0.00003, best valid loss: 0.00003
epoch: 85 | train loss: 0.00003, valid loss: 0.00003, best valid loss: 0.00003
epoch: 86 | train loss: 0.00003, valid loss: 0.00003, best valid loss: 0.00003
epoch: 87 | train loss: 0.00003, valid loss: 0.00003, best valid loss: 0.00003
epoch: 88 | train loss: 0.00003, valid loss: 0.00003, best valid loss: 0.00003
epoch: 89 | train loss: 0.00003, valid loss: 0.00003, best valid loss: 0.00003
epoch: 90 | train loss: 0.00003, valid loss: 0.00003, best valid loss: 0.00003
epoch: 91 | train loss: 0.00003, valid loss: 0.00003, best valid loss: 0.00003
epoch: 92 | train loss: 0.00003, valid loss: 0.00003, best valid loss: 0.00003
epoch: 93 | train loss: 0.00003, valid loss: 0.00003, best valid loss: 0.00003
epoch: 94 | train loss: 0.00003, valid loss: 0.00003, best valid loss: 0.00003
epoch: 95 | train loss: 0.00003, valid loss: 0.00003, best valid loss: 0.00003
epoch: 96 | train loss: 0.00003, valid loss: 0.00003, best valid loss: 0.00003
epoch: 97 | train loss: 0.00003, valid loss: 0.00003, best valid loss: 0.00003
epoch: 98 | train loss: 0.00003, valid loss: 0.00003, best valid loss: 0.00003
epoch: 99 | train loss: 0.00003, valid loss: 0.00003, best valid loss: 0.00003
[loading /misc/vlgscratch4/LecunGroup/nvidia-collab//dataset_i80/models/model=fwd-cnn-vae-fp-bsize=16-ncond=10-npred=20-lrt=0.0001-nhidden=100-nfeature=96-tieact=0-nz=32-beta=0.001-zsphere=1-zmult=1-gclip=-1-warmstart=1.model]
[loading data /misc/vlgscratch4/LecunGroup/nvidia-collab/data_i80/trajectories-0400-0415.txt//all_data.pth]
[loading data /misc/vlgscratch4/LecunGroup/nvidia-collab/data_i80/trajectories-0500-0515.txt//all_data.pth]
[loading data /misc/vlgscratch4/LecunGroup/nvidia-collab/data_i80/trajectories-0515-0530.txt//all_data.pth]
[loading data splits]
[computing action stats]
[done]
[training]
epoch: 0 | train loss: 0.14704, valid loss: 0.01959, best valid loss: 0.01959
epoch: 1 | train loss: 0.00870, valid loss: 0.01522, best valid loss: 0.01522
epoch: 2 | train loss: 0.00342, valid loss: 0.00277, best valid loss: 0.00277
epoch: 3 | train loss: 0.00221, valid loss: 0.00593, best valid loss: 0.00277
epoch: 4 | train loss: 0.00163, valid loss: 0.00173, best valid loss: 0.00173
epoch: 5 | train loss: 0.00131, valid loss: 0.00122, best valid loss: 0.00122
epoch: 6 | train loss: 0.00105, valid loss: 0.00148, best valid loss: 0.00122
epoch: 7 | train loss: 0.00088, valid loss: 0.00803, best valid loss: 0.00122
epoch: 8 | train loss: 0.00074, valid loss: 0.00205, best valid loss: 0.00122
epoch: 9 | train loss: 0.00071, valid loss: 0.00063, best valid loss: 0.00063
epoch: 10 | train loss: 0.00064, valid loss: 0.00052, best valid loss: 0.00052
epoch: 11 | train loss: 0.00049, valid loss: 0.00047, best valid loss: 0.00047
epoch: 12 | train loss: 0.00044, valid loss: 0.00048, best valid loss: 0.00047
epoch: 13 | train loss: 0.00040, valid loss: 0.00038, best valid loss: 0.00038
epoch: 14 | train loss: 0.00036, valid loss: 0.00034, best valid loss: 0.00034
epoch: 15 | train loss: 0.00033, valid loss: 0.00031, best valid loss: 0.00031
epoch: 16 | train loss: 0.00030, valid loss: 0.00029, best valid loss: 0.00029
epoch: 17 | train loss: 0.00027, valid loss: 0.00027, best valid loss: 0.00027
epoch: 18 | train loss: 0.00026, valid loss: 0.00025, best valid loss: 0.00025
epoch: 19 | train loss: 0.00024, valid loss: 0.00023, best valid loss: 0.00023
epoch: 20 | train loss: 0.00022, valid loss: 0.00022, best valid loss: 0.00022
epoch: 21 | train loss: 0.00021, valid loss: 0.00021, best valid loss: 0.00021
epoch: 22 | train loss: 0.00020, valid loss: 0.00019, best valid loss: 0.00019
epoch: 23 | train loss: 0.00018, valid loss: 0.00017, best valid loss: 0.00017
epoch: 24 | train loss: 0.00017, valid loss: 0.00017, best valid loss: 0.00017
epoch: 25 | train loss: 0.00016, valid loss: 0.00016, best valid loss: 0.00016
epoch: 26 | train loss: 0.00015, valid loss: 0.00015, best valid loss: 0.00015
epoch: 27 | train loss: 0.00015, valid loss: 0.00014, best valid loss: 0.00014
epoch: 28 | train loss: 0.00014, valid loss: 0.00013, best valid loss: 0.00013
epoch: 29 | train loss: 0.00013, valid loss: 0.00013, best valid loss: 0.00013
epoch: 30 | train loss: 0.00012, valid loss: 0.00012, best valid loss: 0.00012
epoch: 31 | train loss: 0.00012, valid loss: 0.00011, best valid loss: 0.00011
epoch: 32 | train loss: 0.00011, valid loss: 0.00011, best valid loss: 0.00011
epoch: 33 | train loss: 0.00011, valid loss: 0.00010, best valid loss: 0.00010
epoch: 34 | train loss: 0.00010, valid loss: 0.00010, best valid loss: 0.00010
epoch: 35 | train loss: 0.00010, valid loss: 0.00009, best valid loss: 0.00009
epoch: 36 | train loss: 0.00009, valid loss: 0.00009, best valid loss: 0.00009
epoch: 37 | train loss: 0.00009, valid loss: 0.00008, best valid loss: 0.00008
epoch: 38 | train loss: 0.00008, valid loss: 0.00008, best valid loss: 0.00008
epoch: 39 | train loss: 0.00008, valid loss: 0.00008, best valid loss: 0.00008
epoch: 40 | train loss: 0.00007, valid loss: 0.00007, best valid loss: 0.00007
epoch: 41 | train loss: 0.00007, valid loss: 0.00007, best valid loss: 0.00007
epoch: 42 | train loss: 0.00007, valid loss: 0.00007, best valid loss: 0.00007
epoch: 43 | train loss: 0.00007, valid loss: 0.00007, best valid loss: 0.00007
epoch: 44 | train loss: 0.00006, valid loss: 0.00006, best valid loss: 0.00006
epoch: 45 | train loss: 0.00006, valid loss: 0.00006, best valid loss: 0.00006
epoch: 46 | train loss: 0.00006, valid loss: 0.00006, best valid loss: 0.00006
epoch: 47 | train loss: 0.00006, valid loss: 0.00006, best valid loss: 0.00006
epoch: 48 | train loss: 0.00005, valid loss: 0.00005, best valid loss: 0.00005
epoch: 49 | train loss: 0.00005, valid loss: 0.00005, best valid loss: 0.00005
epoch: 50 | train loss: 0.00005, valid loss: 0.00005, best valid loss: 0.00005
epoch: 51 | train loss: 0.00005, valid loss: 0.00005, best valid loss: 0.00005
epoch: 52 | train loss: 0.00005, valid loss: 0.00005, best valid loss: 0.00005
epoch: 53 | train loss: 0.00005, valid loss: 0.00005, best valid loss: 0.00005
epoch: 54 | train loss: 0.00004, valid loss: 0.00004, best valid loss: 0.00004
epoch: 55 | train loss: 0.00004, valid loss: 0.00004, best valid loss: 0.00004
epoch: 56 | train loss: 0.00004, valid loss: 0.00004, best valid loss: 0.00004
epoch: 57 | train loss: 0.00004, valid loss: 0.00004, best valid loss: 0.00004
epoch: 58 | train loss: 0.00004, valid loss: 0.00004, best valid loss: 0.00004
epoch: 59 | train loss: 0.00004, valid loss: 0.00004, best valid loss: 0.00004
epoch: 60 | train loss: 0.00004, valid loss: 0.00004, best valid loss: 0.00004
epoch: 61 | train loss: 0.00004, valid loss: 0.00004, best valid loss: 0.00004
epoch: 62 | train loss: 0.00004, valid loss: 0.00003, best valid loss: 0.00003
epoch: 63 | train loss: 0.00003, valid loss: 0.00003, best valid loss: 0.00003
epoch: 64 | train loss: 0.00003, valid loss: 0.00003, best valid loss: 0.00003
epoch: 65 | train loss: 0.00311, valid loss: 0.00019, best valid loss: 0.00003
epoch: 66 | train loss: 0.00379, valid loss: 0.00177, best valid loss: 0.00003
epoch: 67 | train loss: 0.00174, valid loss: 0.00266, best valid loss: 0.00003
epoch: 68 | train loss: 0.00085, valid loss: 0.00043, best valid loss: 0.00003
epoch: 69 | train loss: 0.00058, valid loss: 0.00052, best valid loss: 0.00003
epoch: 70 | train loss: 0.00200, valid loss: 0.00018, best valid loss: 0.00003
epoch: 71 | train loss: 0.00938, valid loss: 0.00354, best valid loss: 0.00003
epoch: 72 | train loss: 0.00077, valid loss: 0.00188, best valid loss: 0.00003
epoch: 73 | train loss: 0.00647, valid loss: 0.00165, best valid loss: 0.00003
epoch: 74 | train loss: 0.00146, valid loss: 0.00092, best valid loss: 0.00003
epoch: 75 | train loss: 0.00071, valid loss: 0.00033, best valid loss: 0.00003
epoch: 76 | train loss: 0.00063, valid loss: 0.00025, best valid loss: 0.00003
epoch: 77 | train loss: 0.00019, valid loss: 0.00020, best valid loss: 0.00003
epoch: 78 | train loss: 0.00018, valid loss: 0.00041, best valid loss: 0.00003
epoch: 79 | train loss: 0.00014, valid loss: 0.00018, best valid loss: 0.00003
epoch: 80 | train loss: 0.00027, valid loss: 0.00019, best valid loss: 0.00003
epoch: 81 | train loss: 0.00014, valid loss: 0.00016, best valid loss: 0.00003
epoch: 82 | train loss: 0.00028, valid loss: 0.00014, best valid loss: 0.00003
epoch: 83 | train loss: 0.00012, valid loss: 0.00013, best valid loss: 0.00003
epoch: 84 | train loss: 0.00010, valid loss: 0.00012, best valid loss: 0.00003
epoch: 85 | train loss: 0.00009, valid loss: 0.00011, best valid loss: 0.00003
epoch: 86 | train loss: 0.00020, valid loss: 0.00016, best valid loss: 0.00003
epoch: 87 | train loss: 0.00009, valid loss: 0.00010, best valid loss: 0.00003
epoch: 88 | train loss: 0.00008, valid loss: 0.00009, best valid loss: 0.00003
epoch: 89 | train loss: 0.00014, valid loss: 0.00011, best valid loss: 0.00003
epoch: 90 | train loss: 0.00008, valid loss: 0.00011, best valid loss: 0.00003
epoch: 91 | train loss: 0.00007, valid loss: 0.00007, best valid loss: 0.00003
epoch: 92 | train loss: 0.00009, valid loss: 0.00007, best valid loss: 0.00003
epoch: 93 | train loss: 0.00007, valid loss: 0.00010, best valid loss: 0.00003
epoch: 94 | train loss: 0.00006, valid loss: 0.00007, best valid loss: 0.00003
epoch: 95 | train loss: 0.00008, valid loss: 0.00135, best valid loss: 0.00003
epoch: 96 | train loss: 0.00003, valid loss: 0.00003, best valid loss: 0.00003
epoch: 97 | train loss: 0.00003, valid loss: 0.00002, best valid loss: 0.00002
epoch: 98 | train loss: 0.00002, valid loss: 0.00002, best valid loss: 0.00002
epoch: 99 | train loss: 0.00002, valid loss: 0.00002, best valid loss: 0.00002
[loading /misc/vlgscratch4/LecunGroup/nvidia-collab//dataset_i80/models/model=fwd-cnn-vae-fp-bsize=16-ncond=10-npred=20-lrt=0.0001-nhidden=100-nfeature=96-tieact=0-nz=32-beta=0.1-zsphere=1-zmult=1-gclip=-1-warmstart=1.model]
[loading data /misc/vlgscratch4/LecunGroup/nvidia-collab/data_i80/trajectories-0400-0415.txt//all_data.pth]
[loading data /misc/vlgscratch4/LecunGroup/nvidia-collab/data_i80/trajectories-0500-0515.txt//all_data.pth]
[loading data /misc/vlgscratch4/LecunGroup/nvidia-collab/data_i80/trajectories-0515-0530.txt//all_data.pth]
[loading data splits]
[computing action stats]
[done]
[training]
epoch: 0 | train loss: 0.18392, valid loss: 0.03111, best valid loss: 0.03111
epoch: 1 | train loss: 0.01810, valid loss: 0.01005, best valid loss: 0.01005
epoch: 2 | train loss: 0.00684, valid loss: 0.01109, best valid loss: 0.01005
epoch: 3 | train loss: 0.02766, valid loss: 0.00330, best valid loss: 0.00330
epoch: 4 | train loss: 0.02726, valid loss: 0.00539, best valid loss: 0.00330
epoch: 5 | train loss: 0.00574, valid loss: 0.00432, best valid loss: 0.00330
epoch: 6 | train loss: 0.00425, valid loss: 0.00343, best valid loss: 0.00330
epoch: 7 | train loss: 0.00154, valid loss: 0.00164, best valid loss: 0.00164
epoch: 8 | train loss: 0.00189, valid loss: 0.00107, best valid loss: 0.00107
epoch: 9 | train loss: 0.00172, valid loss: 0.00095, best valid loss: 0.00095
epoch: 10 | train loss: 0.00073, valid loss: 0.00076, best valid loss: 0.00076
epoch: 11 | train loss: 0.00067, valid loss: 0.00079, best valid loss: 0.00076
epoch: 12 | train loss: 0.00061, valid loss: 0.00058, best valid loss: 0.00058
epoch: 13 | train loss: 0.00050, valid loss: 0.00086, best valid loss: 0.00058
epoch: 14 | train loss: 0.00044, valid loss: 0.00046, best valid loss: 0.00046
epoch: 15 | train loss: 0.00044, valid loss: 0.00041, best valid loss: 0.00041
epoch: 16 | train loss: 0.00074, valid loss: 0.00039, best valid loss: 0.00039
epoch: 17 | train loss: 0.00112, valid loss: 0.00034, best valid loss: 0.00034
epoch: 18 | train loss: 0.00053, valid loss: 0.00034, best valid loss: 0.00034
epoch: 19 | train loss: 0.00058, valid loss: 0.00027, best valid loss: 0.00027
epoch: 20 | train loss: 0.00026, valid loss: 0.00028, best valid loss: 0.00027
epoch: 21 | train loss: 0.00027, valid loss: 0.00024, best valid loss: 0.00024
epoch: 22 | train loss: 0.00023, valid loss: 0.00022, best valid loss: 0.00022
epoch: 23 | train loss: 0.00021, valid loss: 0.00022, best valid loss: 0.00022
epoch: 24 | train loss: 0.00021, valid loss: 0.00023, best valid loss: 0.00022
epoch: 25 | train loss: 0.00022, valid loss: 0.00019, best valid loss: 0.00019
epoch: 26 | train loss: 0.00019, valid loss: 0.00019, best valid loss: 0.00019
epoch: 27 | train loss: 0.00026, valid loss: 0.00017, best valid loss: 0.00017
epoch: 28 | train loss: 0.00016, valid loss: 0.00017, best valid loss: 0.00017
epoch: 29 | train loss: 0.00016, valid loss: 0.00015, best valid loss: 0.00015
epoch: 30 | train loss: 0.00014, valid loss: 0.00014, best valid loss: 0.00014
epoch: 31 | train loss: 0.00019, valid loss: 0.00013, best valid loss: 0.00013
epoch: 32 | train loss: 0.00016, valid loss: 0.00014, best valid loss: 0.00013
epoch: 33 | train loss: 0.00013, valid loss: 0.00013, best valid loss: 0.00013
epoch: 34 | train loss: 0.00015, valid loss: 0.00012, best valid loss: 0.00012
epoch: 35 | train loss: 0.00011, valid loss: 0.00012, best valid loss: 0.00012
epoch: 36 | train loss: 0.00012, valid loss: 0.00012, best valid loss: 0.00012
epoch: 37 | train loss: 0.00011, valid loss: 0.00011, best valid loss: 0.00011
epoch: 38 | train loss: 0.00014, valid loss: 0.00010, best valid loss: 0.00010
epoch: 39 | train loss: 0.00009, valid loss: 0.00010, best valid loss: 0.00010
epoch: 40 | train loss: 0.00010, valid loss: 0.00009, best valid loss: 0.00009
epoch: 41 | train loss: 0.00009, valid loss: 0.00009, best valid loss: 0.00009
epoch: 42 | train loss: 0.00009, valid loss: 0.00009, best valid loss: 0.00009
epoch: 43 | train loss: 0.00009, valid loss: 0.00009, best valid loss: 0.00009
epoch: 44 | train loss: 0.00009, valid loss: 0.00009, best valid loss: 0.00009
epoch: 45 | train loss: 0.00009, valid loss: 0.00008, best valid loss: 0.00008
epoch: 46 | train loss: 0.00008, valid loss: 0.00008, best valid loss: 0.00008
epoch: 47 | train loss: 0.00012, valid loss: 0.00008, best valid loss: 0.00008
epoch: 48 | train loss: 0.00007, valid loss: 0.00007, best valid loss: 0.00007
epoch: 49 | train loss: 0.00007, valid loss: 0.00007, best valid loss: 0.00007
epoch: 50 | train loss: 0.00007, valid loss: 0.00007, best valid loss: 0.00007
epoch: 51 | train loss: 0.00007, valid loss: 0.00007, best valid loss: 0.00007
epoch: 52 | train loss: 0.00007, valid loss: 0.00007, best valid loss: 0.00007
epoch: 53 | train loss: 0.00007, valid loss: 0.00007, best valid loss: 0.00007
epoch: 54 | train loss: 0.00006, valid loss: 0.00007, best valid loss: 0.00007
epoch: 55 | train loss: 0.00006, valid loss: 0.00006, best valid loss: 0.00006
epoch: 56 | train loss: 0.00007, valid loss: 0.00006, best valid loss: 0.00006
epoch: 57 | train loss: 0.00006, valid loss: 0.00006, best valid loss: 0.00006
epoch: 58 | train loss: 0.00007, valid loss: 0.00006, best valid loss: 0.00006
epoch: 59 | train loss: 0.00005, valid loss: 0.00005, best valid loss: 0.00005
epoch: 60 | train loss: 0.00007, valid loss: 0.00005, best valid loss: 0.00005
epoch: 61 | train loss: 0.00005, valid loss: 0.00005, best valid loss: 0.00005
epoch: 62 | train loss: 0.00005, valid loss: 0.00005, best valid loss: 0.00005
epoch: 63 | train loss: 0.00005, valid loss: 0.00005, best valid loss: 0.00005
epoch: 64 | train loss: 0.00005, valid loss: 0.00005, best valid loss: 0.00005
epoch: 65 | train loss: 0.00005, valid loss: 0.00005, best valid loss: 0.00005
epoch: 66 | train loss: 0.00009, valid loss: 0.00005, best valid loss: 0.00005
epoch: 67 | train loss: 0.00004, valid loss: 0.00005, best valid loss: 0.00005
epoch: 68 | train loss: 0.00004, valid loss: 0.00005, best valid loss: 0.00005
epoch: 69 | train loss: 0.00004, valid loss: 0.00004, best valid loss: 0.00004
epoch: 70 | train loss: 0.00005, valid loss: 0.00004, best valid loss: 0.00004
epoch: 71 | train loss: 0.00006, valid loss: 0.00004, best valid loss: 0.00004
epoch: 72 | train loss: 0.00004, valid loss: 0.00004, best valid loss: 0.00004
epoch: 73 | train loss: 0.00004, valid loss: 0.00004, best valid loss: 0.00004
epoch: 74 | train loss: 0.00004, valid loss: 0.00004, best valid loss: 0.00004
epoch: 75 | train loss: 0.00004, valid loss: 0.00004, best valid loss: 0.00004
epoch: 76 | train loss: 0.00004, valid loss: 0.00003, best valid loss: 0.00003
epoch: 77 | train loss: 0.00004, valid loss: 0.00004, best valid loss: 0.00003
epoch: 78 | train loss: 0.00003, valid loss: 0.00003, best valid loss: 0.00003
epoch: 79 | train loss: 0.00003, valid loss: 0.00003, best valid loss: 0.00003
epoch: 80 | train loss: 0.00003, valid loss: 0.00003, best valid loss: 0.00003
epoch: 81 | train loss: 0.00003, valid loss: 0.00003, best valid loss: 0.00003
epoch: 82 | train loss: 0.00004, valid loss: 0.00003, best valid loss: 0.00003
epoch: 83 | train loss: 0.00003, valid loss: 0.00003, best valid loss: 0.00003
epoch: 84 | train loss: 0.00003, valid loss: 0.00003, best valid loss: 0.00003
epoch: 85 | train loss: 0.00003, valid loss: 0.00003, best valid loss: 0.00003
epoch: 86 | train loss: 0.00003, valid loss: 0.00003, best valid loss: 0.00003
epoch: 87 | train loss: 0.00003, valid loss: 0.00003, best valid loss: 0.00003
epoch: 88 | train loss: 0.00004, valid loss: 0.00003, best valid loss: 0.00003
epoch: 89 | train loss: 0.00003, valid loss: 0.00003, best valid loss: 0.00003
epoch: 90 | train loss: 0.00003, valid loss: 0.00003, best valid loss: 0.00003
epoch: 91 | train loss: 0.00003, valid loss: 0.00003, best valid loss: 0.00003
epoch: 92 | train loss: 0.00003, valid loss: 0.00003, best valid loss: 0.00003
epoch: 93 | train loss: 0.00003, valid loss: 0.00003, best valid loss: 0.00003
epoch: 94 | train loss: 0.00003, valid loss: 0.00002, best valid loss: 0.00002
epoch: 95 | train loss: 0.00002, valid loss: 0.00002, best valid loss: 0.00002
epoch: 96 | train loss: 0.00003, valid loss: 0.00003, best valid loss: 0.00003
epoch: 97 | train loss: 0.00003, valid loss: 0.00003, best valid loss: 0.00003
epoch: 98 | train loss: 0.00003, valid loss: 0.00003, best valid loss: 0.00003
epoch: 99 | train loss: 0.00003, valid loss: 0.00003, best valid loss: 0.00003
epoch: 96 | train loss: 0.00007, valid loss: 0.00007, best valid loss: 0.00003
epoch: 97 | train loss: 0.00005, valid loss: 0.00006, best valid loss: 0.00003
epoch: 98 | train loss: 0.00005, valid loss: 0.00008, best valid loss: 0.00003
epoch: 99 | train loss: 0.00005, valid loss: 0.00006, best valid loss: 0.00003
epoch: 96 | train loss: 0.00003, valid loss: 0.00002, best valid loss: 0.00002
epoch: 97 | train loss: 0.00003, valid loss: 0.00002, best valid loss: 0.00002
epoch: 98 | train loss: 0.00002, valid loss: 0.00002, best valid loss: 0.00002
epoch: 99 | train loss: 0.00003, valid loss: 0.00002, best valid loss: 0.00002
[loading /misc/vlgscratch4/LecunGroup/nvidia-collab//dataset_i80/models/model=fwd-cnn-vae-fp-bsize=16-ncond=10-npred=20-lrt=0.0001-nhidden=100-nfeature=96-tieact=0-nz=32-beta=0.0003-zsphere=1-zmult=1-gclip=-1-warmstart=1.model]
[loading data /misc/vlgscratch4/LecunGroup/nvidia-collab/data_i80/trajectories-0400-0415.txt//all_data.pth]
[loading data /misc/vlgscratch4/LecunGroup/nvidia-collab/data_i80/trajectories-0500-0515.txt//all_data.pth]
[loading data /misc/vlgscratch4/LecunGroup/nvidia-collab/data_i80/trajectories-0515-0530.txt//all_data.pth]
[loading data splits]
[computing action stats]
[done]
[training]
epoch: 0 | train loss: 0.21844, valid loss: 0.03156, best valid loss: 0.03156
epoch: 1 | train loss: 0.01475, valid loss: 0.00661, best valid loss: 0.00661
epoch: 2 | train loss: 0.00644, valid loss: 0.00836, best valid loss: 0.00661
epoch: 3 | train loss: 0.00301, valid loss: 0.00668, best valid loss: 0.00661
epoch: 4 | train loss: 0.00297, valid loss: 0.00198, best valid loss: 0.00198
epoch: 5 | train loss: 0.00153, valid loss: 0.00708, best valid loss: 0.00198
epoch: 6 | train loss: 0.08738, valid loss: 0.00624, best valid loss: 0.00198
epoch: 7 | train loss: 0.00530, valid loss: 0.01371, best valid loss: 0.00198
epoch: 8 | train loss: 0.02675, valid loss: 0.01937, best valid loss: 0.00198
epoch: 9 | train loss: 0.00454, valid loss: 0.00310, best valid loss: 0.00198
epoch: 10 | train loss: 0.00224, valid loss: 0.00194, best valid loss: 0.00194
epoch: 11 | train loss: 0.00137, valid loss: 0.00178, best valid loss: 0.00178
epoch: 12 | train loss: 0.00112, valid loss: 0.00099, best valid loss: 0.00099
epoch: 13 | train loss: 0.00090, valid loss: 0.00090, best valid loss: 0.00090
epoch: 14 | train loss: 0.00084, valid loss: 0.00416, best valid loss: 0.00090
epoch: 15 | train loss: 0.00070, valid loss: 0.00064, best valid loss: 0.00064
epoch: 16 | train loss: 0.00065, valid loss: 0.00109, best valid loss: 0.00064
epoch: 17 | train loss: 0.00076, valid loss: 0.00074, best valid loss: 0.00064
epoch: 18 | train loss: 0.00054, valid loss: 0.00051, best valid loss: 0.00051
epoch: 19 | train loss: 0.00059, valid loss: 0.00178, best valid loss: 0.00051
epoch: 20 | train loss: 0.00058, valid loss: 0.00044, best valid loss: 0.00044
epoch: 21 | train loss: 0.00039, valid loss: 0.00086, best valid loss: 0.00044
epoch: 22 | train loss: 0.00036, valid loss: 0.00035, best valid loss: 0.00035
epoch: 23 | train loss: 0.00035, valid loss: 0.00035, best valid loss: 0.00035
epoch: 24 | train loss: 0.00036, valid loss: 0.00034, best valid loss: 0.00034
epoch: 25 | train loss: 0.00030, valid loss: 0.00030, best valid loss: 0.00030
epoch: 26 | train loss: 0.00031, valid loss: 0.00028, best valid loss: 0.00028
epoch: 27 | train loss: 0.00038, valid loss: 0.00027, best valid loss: 0.00027
epoch: 28 | train loss: 0.00025, valid loss: 0.00034, best valid loss: 0.00027
epoch: 29 | train loss: 0.00026, valid loss: 0.00024, best valid loss: 0.00024
epoch: 30 | train loss: 0.00024, valid loss: 0.00025, best valid loss: 0.00024
epoch: 31 | train loss: 0.00021, valid loss: 0.00029, best valid loss: 0.00024
epoch: 32 | train loss: 0.00022, valid loss: 0.00031, best valid loss: 0.00024
epoch: 33 | train loss: 0.00020, valid loss: 0.00021, best valid loss: 0.00021
epoch: 34 | train loss: 0.00019, valid loss: 0.00028, best valid loss: 0.00021
epoch: 35 | train loss: 0.00018, valid loss: 0.00018, best valid loss: 0.00018
epoch: 36 | train loss: 0.00019, valid loss: 0.00018, best valid loss: 0.00018
epoch: 37 | train loss: 0.00017, valid loss: 0.00068, best valid loss: 0.00018
epoch: 38 | train loss: 0.00016, valid loss: 0.00016, best valid loss: 0.00016
epoch: 39 | train loss: 0.00016, valid loss: 0.00016, best valid loss: 0.00016
epoch: 40 | train loss: 0.00019, valid loss: 0.00015, best valid loss: 0.00015
epoch: 41 | train loss: 0.00020, valid loss: 0.00015, best valid loss: 0.00015
epoch: 42 | train loss: 0.00014, valid loss: 0.00014, best valid loss: 0.00014
epoch: 43 | train loss: 0.00014, valid loss: 0.00013, best valid loss: 0.00013
epoch: 44 | train loss: 0.00013, valid loss: 0.00013, best valid loss: 0.00013
epoch: 45 | train loss: 0.00013, valid loss: 0.00016, best valid loss: 0.00013
epoch: 46 | train loss: 0.00012, valid loss: 0.00012, best valid loss: 0.00012
epoch: 47 | train loss: 0.00012, valid loss: 0.00013, best valid loss: 0.00012
epoch: 48 | train loss: 0.03703, valid loss: 0.00082, best valid loss: 0.00012
epoch: 49 | train loss: 0.02337, valid loss: 0.00265, best valid loss: 0.00012
epoch: 50 | train loss: 0.00481, valid loss: 0.00198, best valid loss: 0.00012
epoch: 51 | train loss: 0.03593, valid loss: 0.00176, best valid loss: 0.00012
epoch: 52 | train loss: 0.00290, valid loss: 0.00990, best valid loss: 0.00012
epoch: 53 | train loss: 0.00356, valid loss: 0.00464, best valid loss: 0.00012
epoch: 54 | train loss: 0.00356, valid loss: 0.00494, best valid loss: 0.00012
epoch: 55 | train loss: 0.00150, valid loss: 0.00115, best valid loss: 0.00012
epoch: 56 | train loss: 0.00201, valid loss: 0.00106, best valid loss: 0.00012
epoch: 57 | train loss: 0.00051, valid loss: 0.00179, best valid loss: 0.00012
epoch: 58 | train loss: 0.01841, valid loss: 0.00393, best valid loss: 0.00012
epoch: 59 | train loss: 0.00463, valid loss: 0.00415, best valid loss: 0.00012
epoch: 60 | train loss: 0.00122, valid loss: 0.00067, best valid loss: 0.00012
epoch: 61 | train loss: 0.00055, valid loss: 0.00059, best valid loss: 0.00012
epoch: 62 | train loss: 0.00108, valid loss: 0.00042, best valid loss: 0.00012
epoch: 63 | train loss: 0.00036, valid loss: 0.00044, best valid loss: 0.00012
epoch: 64 | train loss: 0.00044, valid loss: 0.00033, best valid loss: 0.00012
epoch: 65 | train loss: 0.00038, valid loss: 0.00042, best valid loss: 0.00012
epoch: 66 | train loss: 0.00031, valid loss: 0.00027, best valid loss: 0.00012
epoch: 67 | train loss: 0.00026, valid loss: 0.00029, best valid loss: 0.00012
epoch: 68 | train loss: 0.00028, valid loss: 0.00023, best valid loss: 0.00012
epoch: 69 | train loss: 0.00025, valid loss: 0.00037, best valid loss: 0.00012
epoch: 70 | train loss: 0.00020, valid loss: 0.00021, best valid loss: 0.00012
epoch: 71 | train loss: 0.00020, valid loss: 0.00019, best valid loss: 0.00012
epoch: 72 | train loss: 0.00018, valid loss: 0.00020, best valid loss: 0.00012
epoch: 73 | train loss: 0.00022, valid loss: 0.00021, best valid loss: 0.00012
epoch: 74 | train loss: 0.00017, valid loss: 0.00020, best valid loss: 0.00012
epoch: 75 | train loss: 0.00019, valid loss: 0.00017, best valid loss: 0.00012
epoch: 76 | train loss: 0.00017, valid loss: 0.00017, best valid loss: 0.00012
epoch: 77 | train loss: 0.00015, valid loss: 0.00016, best valid loss: 0.00012
epoch: 78 | train loss: 0.00014, valid loss: 0.00016, best valid loss: 0.00012
epoch: 79 | train loss: 0.00014, valid loss: 0.00020, best valid loss: 0.00012
epoch: 80 | train loss: 0.00016, valid loss: 0.00015, best valid loss: 0.00012
epoch: 81 | train loss: 0.00033, valid loss: 0.00014, best valid loss: 0.00012
epoch: 82 | train loss: 0.00016, valid loss: 0.00012, best valid loss: 0.00012
epoch: 83 | train loss: 0.00012, valid loss: 0.00014, best valid loss: 0.00012
epoch: 84 | train loss: 0.00011, valid loss: 0.00013, best valid loss: 0.00012
epoch: 85 | train loss: 0.00022, valid loss: 0.00011, best valid loss: 0.00011
epoch: 86 | train loss: 0.00012, valid loss: 0.00014, best valid loss: 0.00011
epoch: 87 | train loss: 0.00012, valid loss: 0.00014, best valid loss: 0.00011
epoch: 88 | train loss: 0.00011, valid loss: 0.00009, best valid loss: 0.00009
epoch: 89 | train loss: 0.00009, valid loss: 0.00011, best valid loss: 0.00009
epoch: 90 | train loss: 0.00009, valid loss: 0.00009, best valid loss: 0.00009
epoch: 91 | train loss: 0.00009, valid loss: 0.00010, best valid loss: 0.00009
epoch: 92 | train loss: 0.00010, valid loss: 0.00009, best valid loss: 0.00009
epoch: 93 | train loss: 0.00010, valid loss: 0.00010, best valid loss: 0.00009
epoch: 94 | train loss: 0.00010, valid loss: 0.00008, best valid loss: 0.00008
epoch: 95 | train loss: 0.00009, valid loss: 0.00009, best valid loss: 0.00008
epoch: 96 | train loss: 0.00011, valid loss: 0.00008, best valid loss: 0.00008
epoch: 97 | train loss: 0.00009, valid loss: 0.00008, best valid loss: 0.00008
epoch: 98 | train loss: 0.00009, valid loss: 0.00009, best valid loss: 0.00008
epoch: 99 | train loss: 0.00009, valid loss: 0.00011, best valid loss: 0.00008
